Godot Engine v4.2.1.stable.official.b09f793f5 - https://godotengine.org
Vulkan API 1.3.242 - Forward+ - Using Vulkan Device #0: NVIDIA - NVIDIA GeForce RTX 4060 Laptop GPU
 
background:<TileMap#33571210442>
<Object#null>
(12, 21)
<Object#null>
(20, 21)
<Object#null>
(25, 21)
<Object#null>
(30, 21)
<Object#null>
(35, 21)
<Object#null>
(39, 21)
<Object#null>
(43, 21)
<Object#null>
(48, 21)
<Object#null>
(53, 21)
<Object#null>
(57, 21)
<Object#null>
(57, 21)
<Object#null>
(51, 16)
<Object#null>
(47, 16)
<Object#null>
(42, 16)
<Object#null>
(37, 16)
<Object#null>
(33, 16)
<Object#null>
(28, 16)
<Object#null>
(23, 15)
<TileData#29192357173>
(18, 12)
<Object#null>
(21, 15)
<Object#null>
(19, 17)
<Object#null>
(16, 22)
<Object#null>
(11, 22)
<Object#null>
(10, 17)
<TileData#29192357173>
(13, 13)
<Object#null>
(13, 13)
<Object#null>
(13, 13)
<Object#null>
(13, 13)
<Object#null>
(13, 13)
<Object#null>
(13, 13)
<Object#null>
(13, 13)
<TileData#29192357173>
(15, 13)
<Object#null>
(15, 13)
<TileData#29192357173>
(16, 13)
<TileData#29192357173>
(17, 13)
<Object#null>
(17, 13)
<Object#null>
(17, 13)
<Object#null>
(17, 13)
