Godot Engine v4.2.1.stable.official.b09f793f5 - https://godotengine.org
Vulkan API 1.3.242 - Forward+ - Using Vulkan Device #0: NVIDIA - NVIDIA GeForce RTX 4060 Laptop GPU
 
0
0.04882366666667
0.16666666666667
0.174407
0.18333333333333
0.18356833333285
0.19190166666618
0.19564033333333
0.19897366666666
0.20230699999999
0.20564033333332
0.20980699999999
0.21397366666666
0.21814033333333
0.222307
0.22647366666667
0.23064033333334
0.23480700000001
0.23897366666668
0.24314033333335
0.24730700000002
0.25147366666669
0.25564033333336
0.25980700000003
0.2639736666667
0.26814033333337
0.27230700000004
0.27647366666671
0.28064033333338
0.28480700000005
0.28897366666672
0.29314033333339
0.29730700000006
0.30147366666673
0.3056403333334
0.30980700000007
0.31397366666674
0.31814033333341
0.32230700000008
0.32647366666675
0.33064033333342
0.33480700000009
0.33897366666676
0.34314033333343
0.3473070000001
0.35147366666677
0.35564033333344
0.35980700000011
0.36397366666678
0.36814033333345
0.37230700000012
0.37647366666679
0.38064033333346
0.38480700000013
0.3889736666668
0.39314033333347
0.39730700000014
0.40147366666681
0.40564033333348
0.40980700000015
0.41397366666682
0.41814033333349
0.42230700000016
0.42647366666683
0.4306403333335
0.43480700000017
0.43897366666684
0.44314033333351
0.44730700000018
0.45147366666685
0.45564033333352
0.45980700000019
0.46397366666686
0.46814033333353
0.4723070000002
0.47647366666687
0.48064033333354
0.48480700000021
0.48897366666688
0.49314033333355
0.49730700000022
0.50147366666689
0.50564033333356
0.50980700000023
0.5139736666669
0.51814033333357
0.52230700000024
0.52647366666691
0.53064033333358
0.53480700000025
0.53897366666692
0.54314033333359
0.54730700000026
0.55147366666693
0.5556403333336
0.55980700000027
0.56397366666694
0.56814033333361
0.57230700000028
0.57647366666695
0.58064033333362
0.58480700000029
0.58897366666696
0.59314033333363
0.5973070000003
0.60147366666697
0.60564033333364
0.60980700000031
0.61397366666698
0.61814033333365
0.62230700000032
0.62647366666699
0.63064033333366
0.63480700000033
0.638973666667
0.64314033333367
0.64730700000034
0.65147366666701
0.65564033333368
0.65980700000035
0.66397366666702
0.66814033333369
0.67230700000036
0.67647366666703
0.6806403333337
0.68480700000037
0.68897366666704
0.69314033333371
0.69730700000038
0.70147366666705
0.70564033333372
0.70980700000039
0.71397366666706
0.71814033333373
0.7223070000004
0.72647366666707
0.73064033333374
0.73480700000041
0.73897366666708
0.74314033333375
0.74730700000042
0.75147366666709
0.75564033333376
0.75980700000043
0.7639736666671
0.76814033333377
0.77230700000044
0.77647366666711
0.78064033333378
0.78480700000045
0.78897366666712
0.79314033333379
0.79730700000046
0.80147366666713
0.8056403333338
0.80980700000047
0.81397366666714
0.81814033333381
0.82230700000048
0.82647366666715
0.83064033333382
0.83480700000049
0.83897366666716
0.84314033333383
0.8473070000005
0.85147366666717
0.85564033333384
0.85980700000051
0.86397366666718
0.86814033333385
0.87230700000052
0.87647366666719
0.88064033333386
0.88480700000053
0.8889736666672
0.89314033333387
0.89730700000054
0.90147366666721
0.90564033333388
0.90980700000055
0.91397366666722
0.91814033333389
0.92230700000056
0.92647366666723
0.9306403333339
0.93480700000057
0.93897366666724
0.94314033333391
0.94730700000058
0.95147366666725
0.95564033333392
0.95980700000059
0.96397366666726
0.96814033333393
0.9723070000006
0.97647366666727
0.98064033333394
0.98480700000061
0.98897366666728
0.99314033333395
0.99730700000062
1.00147366666729
1.00564033333396
1.00980700000063
1.0139736666673
1.01814033333397
1.02230700000064
1.02647366666731
1.03064033333398
1.03480700000065
1.03897366666732
1.04314033333399
1.04730700000066
1.05147366666733
1.055640333334
1.05980700000067
1.06397366666734
1.06814033333401
1.07230700000068
1.07647366666735
1.07647366666735
1.08064033333402
1.08480700000069
1.08480700000069
1.08897366666736
1.09314033333403
1.09314033333403
1.0973070000007
1.0973070000007
1.10147366666737
1.10564033333404
1.10564033333404
1.10980700000071
1.11397366666738
1.11397366666738
1.11814033333405
1.11814033333405
1.12230700000072
1.12647366666739
1.12647366666739
1.13064033333406
1.13480700000073
1.13480700000073
1.1389736666674
1.1389736666674
1.14314033333407
1.14730700000074
1.14730700000074
1.15147366666741
1.15564033333408
1.15564033333408
1.15980700000075
1.15980700000075
1.16397366666742
1.16814033333409
1.16814033333409
1.17230700000076
1.17230700000076
1.17647366666743
1.1806403333341
1.1806403333341
1.18480700000077
1.18897366666744
1.18897366666744
1.19314033333411
1.19314033333411
1.19730700000078
1.20147366666745
1.20147366666745
1.20564033333412
1.20980700000079
1.20980700000079
1.21397366666746
1.21397366666746
1.21814033333413
1.2223070000008
1.2223070000008
1.22647366666747
1.23064033333414
1.23064033333414
1.23480700000081
1.23480700000081
1.23897366666748
1.24314033333415
1.24314033333415
1.24730700000082
1.25147366666749
1.25147366666749
1.25564033333416
1.25564033333416
1.25980700000083
1.2639736666675
1.2639736666675
1.26814033333417
1.27230700000084
1.27230700000084
1.27647366666751
1.27647366666751
1.28064033333418
1.28480700000085
1.28480700000085
1.28897366666752
1.29314033333419
1.29314033333419
1.29730700000086
1.29730700000086
1.30642166666753
1.30642166666753
1.3105883333342
1.31475500000087
1.31666666666754
1.31666666666754
1.32083333333421
1.32083333333421
1.32500000000088
1.32916666666755
1.32916666666755
1.33333333333422
1.33333333333422
1.33750000000089
1.34166666666756
1.34583333333423
1.3500000000009
1.35416666666757
1.35416666666757
1.35833333333424
1.36250000000091
1.36666666666758
1.37083333333425
1.37500000000092
1.37916666666759
1.38333333333426
1.38750000000093
1.3916666666676
1.39583333333427
1.40000000000094
1.40416666666761
1.40833333333428
1.41250000000095
1.41666666666762
1.42083333333429
1.42500000000096
1.42916666666763
1.4333333333343
1.43750000000097
1.44166666666764
1.44583333333431
1.45000000000098
1.45416666666765
1.45833333333432
1.46250000000099
1.46666666666766
1.47083333333433
1.475000000001
1.47916666666767
1.48333333333434
1.48750000000101
1.49166666666768
1.49583333333435
1.50000000000102
1.50416666666768
1.50833333333435
1.51250000000102
1.51666666666769
1.52083333333436
1.52500000000103
1.5291666666677
1.53333333333437
1.53750000000104
1.54166666666771
1.54583333333438
1.55000000000105
1.55416666666772
1.55833333333439
1.56250000000106
1.56666666666773
1.5708333333344
1.57500000000107
1.57916666666774
1.58333333333441
1.58750000000108
1.59166666666775
1.59583333333442
1.60000000000109
1.60416666666776
1.60833333333443
1.6125000000011
1.6125000000011
1.61666666666777
1.61666666666777
1.62083333333444
1.62500000000111
1.62500000000111
1.62916666666778
1.63333333333445
1.63333333333445
1.63750000000112
1.63750000000112
1.64166666666779
1.64583333333446
1.64583333333446
1.65000000000113
1.65000000000113
1.6541666666678
1.65833333333447
1.65833333333447
1.66250000000114
1.66666666666781
1.66666666666781
1.67083333333448
1.67083333333448
1.67500000000115
1.67916666666782
1.67916666666782
1.68333333333449
1.68750000000116
1.68750000000116
1.69166666666783
1.69166666666783
1.6958333333345
1.70000000000117
1.70000000000117
1.70416666666784
1.70833333333451
1.70833333333451
1.71250000000118
1.71250000000118
1.71666666666785
1.72083333333452
1.72083333333452
1.72500000000119
1.72916666666786
1.72916666666786
1.73333333333453
1.73333333333453
1.7375000000012
1.74166666666787
1.74166666666787
1.74583333333454
1.75000000000121
1.75000000000121
1.75416666666788
1.75416666666788
1.75833333333455
1.76250000000122
1.76250000000122
1.76666666666789
1.77083333333456
1.77083333333456
1.77500000000123
1.77500000000123
1.7791666666679
1.78333333333457
1.78333333333457
1.78750000000124
1.79166666666791
1.79583333333458
1.79583333333458
1.80000000000125
1.80416666666792
1.80833333333459
1.81250000000126
1.81666666666793
1.8208333333346
1.82500000000127
1.82916666666794
1.83333333333461
1.83750000000128
1.84166666666795
1.84583333333462
1.85000000000129
1.85416666666796
1.85833333333463
1.8625000000013
1.86666666666797
1.87083333333464
1.87083333333464
1.87500000000131
1.87916666666798
1.87916666666798
1.88333333333465
1.88750000000132
1.88750000000132
1.89166666666799
1.89166666666799
1.89583333333466
1.90000000000133
1.90000000000133
1.904166666668
1.90833333333467
1.90833333333467
1.91250000000134
1.91250000000134
1.91666666666801
1.92083333333468
1.92083333333468
1.92500000000135
1.92916666666802
1.92916666666802
1.93333333333469
1.93333333333469
1.93750000000136
1.94166666666803
1.94166666666803
1.9458333333347
1.95000000000137
1.95000000000137
1.95416666666804
1.95416666666804
1.95833333333471
1.96250000000138
1.96250000000138
1.96666666666805
1.96666666666805
1.97083333333472
1.97500000000139
1.97500000000139
1.97916666666806
1.98333333333473
1.98333333333473
1.9875000000014
1.9875000000014
1.99166666666807
1.99583333333474
1.99583333333474
2.00000000000141
2.00416666666808
2.00416666666808
2.00833333333475
2.00833333333475
2.01250000000142
2.01666666666809
2.01666666666809
2.02083333333476
2.02500000000143
2.02500000000143
2.0291666666681
2.0291666666681
2.03333333333477
2.03750000000144
2.03750000000144
2.04166666666811
2.04583333333478
2.04583333333478
2.05000000000145
2.05000000000145
2.05416666666812
2.05833333333479
2.05833333333479
2.06250000000146
2.06666666666813
2.06666666666813
2.0708333333348
2.0708333333348
2.07500000000147
2.07916666666814
2.07916666666814
2.08333333333481
2.08750000000148
2.09166666666815
2.09166666666815
2.09583333333482
2.10000000000149
2.10000000000149
2.10416666666816
2.10833333333483
2.10833333333483
2.1125000000015
2.1125000000015
2.11666666666817
2.12083333333484
2.12083333333484
2.12500000000151
2.12500000000151
2.12916666666818
2.13333333333485
2.13333333333485
2.13750000000152
2.14166666666819
2.14166666666819
2.14583333333486
2.14583333333486
2.15000000000153
2.1541666666682
2.15833333333487
2.16250000000154
2.16250000000154
2.16666666666821
2.16666666666821
2.17083333333488
2.17500000000155
2.17916666666822
2.18333333333489
2.18750000000156
2.18750000000156
2.19166666666823
2.1958333333349
2.20000000000157
2.20416666666824
2.20833333333491
2.21250000000158
2.21666666666825
2.22083333333492
2.22500000000159
2.22916666666826
2.23333333333493
2.2375000000016
2.24166666666827
2.24583333333494
2.25000000000161
2.25416666666828
2.25833333333495
2.26250000000162
2.26666666666829
2.27083333333496
2.27500000000163
2.2791666666683
2.28333333333497
2.28750000000164
2.29166666666831
2.29583333333498
2.30000000000165
2.30416666666832
2.30833333333499
2.31250000000166
2.31666666666833
2.320833333335
2.32500000000167
2.32916666666834
2.33333333333501
2.33750000000168
2.34166666666835
2.34583333333502
2.35000000000169
2.35416666666836
2.35833333333503
2.3625000000017
2.36666666666837
2.37083333333504
2.37500000000171
2.37916666666838
2.38333333333505
2.38750000000172
2.39166666666839
2.39583333333506
2.40000000000173
2.4041666666684
2.40833333333507
2.41250000000174
2.41666666666841
2.42083333333508
2.42500000000175
2.42916666666842
2.43333333333509
2.43750000000176
2.44166666666843
2.4458333333351
2.45000000000177
2.45416666666844
2.45833333333511
2.46250000000178
2.46666666666845
2.47083333333512
2.61105666666845
2.61666666666845
2.61668554166847
2.61784266666845
2.63333333333512
2.64000000000179
2.64555555555735
2.65111111111291
2.65736111111291
2.66666666666847
2.67333333333514
2.67958333333514
2.68583333333514
2.69208333333514
2.69833333333514
2.70458333333514
2.71083333333514
2.71708333333514
2.72333333333514
2.72958333333514
2.73583333333514
2.74218666666847
2.74885333333514
2.75552000000181
2.76218666666848
2.76885333333515
2.77552000000182
2.78218666666849
2.78885333333516
2.79552000000183
2.8021866666685
2.80885333333517
2.81552000000184
2.82218666666851
2.82885333333518
2.83552000000185
2.84218666666852
2.84885333333519
2.85552000000186
2.86218666666853
2.8688533333352
2.87552000000187
2.88218666666854
2.88885333333521
2.89552000000188
2.90218666666855
2.90885333333522
2.91552000000189
2.92218666666856
2.92885333333523
2.9355200000019
2.94218666666857
2.94885333333524
2.95552000000191
2.96218666666858
2.96885333333525
2.97581333333525
2.98280733333525
2.98961833333525
2.99678733333525
3.00345400000192
3.01028933333525
3.01725133333525
3.02419577777969
3.03114022222413
3.03808466666857
3.04537933333524
3.05232377777968
3.05926822222412
3.06621266666856
3.073157111113
3.08010155555744
3.08704600000188
3.09399044444632
3.10093488889076
3.1078793333352
3.11482377777964
3.12176822222408
3.12871266666852
3.13565711111296
3.1426015555574
3.14954600000184
3.15649044444628
3.16343488889072
3.17037933333516
3.1773237777796
3.18426822222404
3.19121266666848
3.19815711111292
3.20510155555737
3.21204600000181
3.21899044444625
3.22593488889069
3.23287933333513
3.23982377777957
3.24676822222401
3.25371266666845
3.26065711111289
3.26760155555733
3.27454600000177
3.28149044444621
3.28843488889065
3.29537933333509
3.30232377777953
3.30926822222397
3.31621266666841
3.32315711111285
3.33010155555729
3.33704600000173
3.34399044444617
3.35093488889061
3.35787933333505
3.36482377777949
3.37176822222393
3.37871266666837
3.38565711111281
3.39260155555725
3.39954600000169
3.40649044444613
3.41343488889057
3.42037933333501
3.42732377777945
3.43426822222389
3.44121266666833
3.44815711111277
3.45510155555721
3.46204600000165
3.46899044444609
3.47593488889053
3.48287933333497
3.48982377777941
3.49676822222385
3.50371266666829
3.51065711111273
3.51760155555717
3.52454600000161
3.53149044444605
3.53843488889049
3.54537933333493
3.55232377777938
3.55926822222382
3.56621266666826
3.5731571111127
3.58010155555714
3.58704600000158
3.59399044444602
3.60093488889046
3.6078793333349
3.61482377777934
3.62176822222378
3.62871266666822
3.63565711111266
3.6426015555571
3.64954600000154
3.65649044444598
3.66343488889042
3.67037933333486
3.6773237777793
3.68426822222374
3.69121266666818
3.69815711111262
3.70510155555706
3.7120460000015
3.71899044444594
3.72593488889038
3.73287933333482
3.73982377777926
3.7467682222237
3.75371266666814
3.76065711111258
3.76760155555702
3.77454600000146
3.7814904444459
3.78843488889034
3.79537933333478
3.80232377777922
3.80926822222366
3.8162126666681
3.82315711111254
3.83010155555698
3.83704600000142
3.84399044444586
3.8509348888903
3.85787933333474
3.86482377777918
3.87176822222362
3.87871266666806
3.8856571111125
3.89260155555694
3.89954600000139
3.90649044444583
3.91343488889027
3.92037933333471
3.92732377777915
3.93426822222359
3.94121266666803
3.94815711111247
3.95510155555691
3.96204600000135
3.96899044444579
3.97593488889023
3.98287933333467
3.98982377777911
3.99676822222355
4.00371266666799
4.01065711111243
4.01760155555687
4.02454600000131
4.03149044444575
4.03843488889019
4.04537933333463
4.05232377777907
4.05926822222351
4.06621266666795
4.07315711111239
4.08010155555683
4.08704600000127
4.09399044444571
4.10093488889015
4.10787933333459
4.11482377777903
4.12176822222347
4.12871266666791
4.13565711111235
4.14260155555679
4.14954600000123
4.1564716666679
4.16341611111234
4.17036055555678
4.17730500000122
4.18399766666789
4.19094211111233
4.19788655555677
4.20483100000121
4.21177544444565
4.21871988889009
4.22566433333453
4.23260877777897
4.23955322222341
4.24649766666785
4.25344211111229
4.26038655555673
4.26733100000117
4.27411066666784
4.28105511111229
4.28772866666784
4.29467311111229
4.30161755555673
4.30856200000117
4.31550644444561
4.32245088889005
4.32939533333449
4.33633977777893
4.3430064444456
4.34995088889004
4.35663166666782
4.36357611111226
4.3705205555567
4.37743966666781
4.38438411111225
4.39132855555669
4.39827300000113
4.4050026666678
4.41194711111224
4.41889155555668
4.42583600000112
4.43278044444556
4.43972488889
4.44655466666778
4.45322133333445
4.46016577777889
4.46711022222333
4.47405466666777
4.48099911111221
4.48773566666777
4.49468011111221
4.50162455555665
4.50856900000109
4.51551344444553
4.52245788888997
4.52940233333441
4.53613566666774
4.54308011111218
4.55002455555662
4.55696900000106
4.56387566666773
4.57082011111217
4.57748677777884
4.58443122222328
4.59137566666772
4.59832011111216
4.60498677777883
4.61193122222327
4.61887566666771
4.62582011111216
4.6327645555566
4.63970900000104
4.64654766666771
4.65321433333438
4.66015877777882
4.66710322222326
4.6740476666677
4.68099211111214
4.68793655555658
4.69488100000102
4.70177166666769
4.70871611111213
4.7153827777788
4.72232722222324
4.72927166666768
4.73621611111212
4.74316055555656
4.750105000001
4.75704944444544
4.76383966666766
4.7707841111121
4.77772855555654
4.78467300000098
4.79140066666765
4.79834511111209
4.80501177777876
4.8119562222232
4.81890066666764
4.82584511111208
4.83278955555652
4.83973400000096
4.8466784444454
4.85362288888984
4.86056733333428
4.86751177777872
4.87445622222316
4.8814006666676
4.88834511111204
4.8952456666676
4.90191233333427
4.90885677777871
4.91580122222315
4.92274566666759
4.92969011111203
4.9363567777787
4.94330122222314
4.95024566666758
4.95719011111202
4.96395366666758
4.97089811111202
4.97784255555646
4.9847870000009
4.99149466666757
4.99843911111202
5.00538355555646
5.0123280000009
5.01927244444534
5.02621688888978
5.03333333333422
5.04017666666755
5.04684333333422
5.05378777777866
5.0607322222231
5.06767666666754
5.07462111111198
5.08156555555642
5.08851000000086
5.0954544444453
5.10239888888974
5.10934333333418
5.11628777777862
5.12302466666751
5.12996911111195
5.13691355555639
5.14358022222306
5.1505246666675
5.15746911111194
5.16441355555638
5.17126666666749
5.17821111111193
5.18489266666749
5.19155933333416
5.1985037777786
5.20544822222304
5.21239266666748
5.21933711111192
5.22605666666748
5.23333333333415
5.24027777777859
5.24709866666748
5.25404311111192
5.26098755555636
5.26780266666747
5.27446933333414
5.28141377777858
5.28824666666747
5.29519111111191
5.30213555555635
5.30887966666746
5.3158241111119
5.32276855555634
5.32956166666745
5.33650611111189
5.34345055555633
5.35039500000077
5.35733944444521
5.36401766666743
5.37096211111187
5.37790655555631
5.38482366666742
5.39176811111186
5.3987125555563
5.40565700000074
5.41260144444519
5.41954588888963
5.42649033333407
5.43343477777851
5.44010144444518
5.44704588888962
5.45399033333406
5.46086466666739
5.46780911111183
5.47475355555627
5.48169800000071
5.48836466666738
5.49530911111182
5.50209266666738
5.50903711111182
5.51666666666738
5.52333333333405
5.53027777777849
5.53694444444516
5.5438888888896
5.55083333333404
5.55750000000071
5.56416666666738
5.57111111111182
5.57805555555626
5.5850000000007
5.59194444444514
5.59888888888958
5.60583333333402
5.61276266666735
5.61970711111179
5.62665155555623
5.63359600000067
5.64054044444511
5.64748488888955
5.65442933333399
5.66137377777843
5.66831822222287
5.67499566666731
5.68194011111175
5.68888455555619
5.69582900000063
5.70277344444507
5.70944011111174
5.7166666666673
5.7233376666673
5.73000433333397
5.73694877777841
5.74389322222286
5.7508376666673
5.75778211111174
5.7645926666673
5.77125933333397
5.77820377777841
5.78514822222285
5.79181488888952
5.79875933333396
5.8057037777784
5.81264822222284
5.81959266666728
5.82653711111172
5.83348155555616
5.8404260000006
5.84737044444504
5.85426266666726
5.86103966666726
5.8679841111117
5.87492855555614
5.88166466666725
5.88860911111169
5.89527577777836
5.9022202222228
5.90916466666724
5.91666666666724
5.92333333333391
5.93027777777835
5.93722222222279
5.94416666666723
5.95091566666723
5.9575823333339
5.96452677777834
5.97145866666723
5.97840311111167
5.98506977777834
5.99201422222278
5.99895866666722
6.00590311111166
6.0128475555561
6.01979200000054
6.02673644444498
6.03368088888942
6.04062533333386
6.04756166666719
6.05422833333386
6.0611727777783
6.06783944444497
6.07478388888941
6.08172833333385
6.0886727777783
6.09561722222274
6.10256166666718
6.10950611111162
6.11639366666718
6.12333811111162
6.13028255555606
6.1372270000005
6.14389366666717
6.15083811111161
6.15778255555605
6.16444922222272
6.17139366666716
6.1783381111116
6.18528255555604
6.19209466666715
6.19903911111159
6.20598355555603
6.21292800000047
6.21987244444491
6.22665066666713
6.2333173333338
6.24026177777824
6.24720622222268
6.25404166666712
6.26098611111156
6.267930555556
6.27487500000044
6.28181944444488
6.28876388888932
6.2955906666671
6.30253511111154
6.30947955555598
6.31642400000042
6.32336844444486
6.3303128888893
6.33725733333374
6.34399866666707
6.35094311111151
6.35788755555595
6.36483200000039
6.37165066666706
6.3785951111115
6.38526177777817
6.39220622222261
6.39915066666705
6.40609511111149
6.41303955555593
6.41998400000037
6.42683866666704
6.43378311111148
6.44072755555592
6.44767200000036
6.4546164444448
6.46156088888924
6.46850533333368
6.47544977777812
6.4821164444448
6.48906088888924
6.49600533333368
6.50294977777812
6.50989422222256
6.516838666667
6.52378311111144
6.530500666667
6.53716733333367
6.54411177777811
6.55105622222255
6.55800066666699
6.56494511111143
6.57188955555587
6.57883400000031
6.58577844444475
6.59244511111142
6.60000000000031
6.60694444444475
6.61361111111142
6.62033666666698
6.62700333333365
6.63394777777809
6.64089222222253
6.64767666666697
6.65434333333364
6.66128777777808
6.66823222222252
6.67512066666696
6.6820651111114
6.68900955555584
6.69595400000028
6.70289844444472
6.70984288888916
6.7167873333336
6.72373177777804
6.73067622222248
6.73762066666692
6.74456511111136
6.75123177777803
6.75817622222247
6.76512066666691
6.77206511111135
6.77900955555579
6.78595400000023
6.79262066666691
6.80000000000024
6.80694444444468
6.81388888888912
6.82083333333356
6.82750000000023
6.8342296666669
6.84117411111134
6.84784077777801
6.85450744444468
6.86145188888912
6.86839633333356
6.87523966666689
6.88218411111133
6.88912855555577
6.89607300000021
6.90301744444465
6.90996188888909
6.91663766666687
6.92358211111131
6.93052655555575
6.93747100000019
6.94413766666686
6.9510821111113
6.95802655555574
6.96497100000018
6.97191544444462
6.97885988888906
6.9858043333335
6.99274877777794
6.99963666666683
7.0063033333335
7.01324777777794
7.02019222222238
7.02685888888905
7.03380333333349
7.04074777777793
7.04769222222237
7.05463666666681
7.06158111111125
7.06852555555569
7.07547000000013
7.08241444444457
7.08935888888901
7.09611466666679
7.10305911111123
7.11000355555568
7.11694800000012
7.12389244444456
7.130836888889
7.13778133333344
7.14454666666677
7.15121333333344
7.15815777777788
7.16510222222232
7.17204666666676
7.1789911111112
7.18593555555564
7.19288000000008
7.19982444444452
7.20676888888896
7.21351366666674
7.22045811111118
7.22740255555562
7.23434700000006
7.24109566666673
7.24804011111117
7.25470677777784
7.26137344444451
7.26831788888895
7.27526233333339
7.28206866666672
7.28901311111116
7.2959575555556
7.30290200000004
7.30984644444448
7.3166286666667
7.32357311111114
7.33051755555558
7.33746200000002
7.34440644444446
7.35109866666668
7.35804311111112
7.36498755555556
7.371932
7.37887644444444
7.38582088888888
7.39276533333332
7.39970977777776
7.40658066666665
7.41352511111109
7.42046955555553
7.42741399999997
7.43420766666664
7.44115211111108
7.44809655555552
7.45504099999996
7.46198544444441
7.46892988888885
7.47587433333329
7.48281877777773
7.48976322222217
7.49659166666661
7.50325833333328
7.51020277777772
7.51714722222216
7.5240766666666
7.53102111111104
7.5379016666666
7.54456833333327
7.55151277777771
7.55845722222215
7.56512388888882
7.57206833333326
7.5790127777777
7.58595722222214
7.59290166666658
7.59999999999991
7.60666666666658
7.61361111111102
7.62055555555546
7.6274999999999
7.63416666666657
7.64111111111101
7.64805555555545
7.65499999999989
7.66194444444433
7.66888888888877
7.67583333333321
7.68277777777765
7.68972222222209
7.69666666666653
7.7033333333332
7.71027777777764
7.71722222222208
7.72405666666652
7.73100111111096
7.73766777777763
7.74461222222207
7.75145166666651
7.75839611111095
7.76534055555539
7.77228499999983
7.77922944444427
7.78615266666649
7.79281933333316
7.79999999999983
7.80694444444427
7.81388888888872
7.82055555555539
7.82749999999983
7.83444444444427
7.84131966666649
7.84817266666649
7.85511711111093
7.86205366666649
7.86872033333316
7.8756647777776
7.88333333333316
7.8902777777776
7.89722222222204
7.90388888888871
7.91083333333315
7.91758866666648
7.92425533333315
7.93115966666648
7.93782633333315
7.94477077777759
7.95168766666648
7.95863211111092
7.96537666666648
7.97232111111092
7.97926555555536
7.98603766666647
7.99298211111091
7.9999999999998
8.00666666666647
8.01361111111091
8.02055555555535
8.02749999999979
8.03444444444423
8.04138888888867
8.04833333333311
8.05527777777755
8.06222222222199
8.06916666666642
8.07583333333309
8.08277777777753
8.08972222222197
8.09666666666641
8.10361111111085
8.11055555555529
8.11749999999973
8.1244336666664
8.13137811111084
8.13804477777751
8.14498922222195
8.15193366666639
8.15887811111083
8.16557966666639
8.17224633333306
8.1791907777775
8.18613522222194
8.19307966666637
8.20002411111081
8.20696855555525
8.21391299999969
8.22085744444413
8.22763166666635
8.23457611111079
8.24152055555523
8.24846499999967
8.25517866666634
8.26212311111078
8.26906755555522
8.27573422222189
8.28267866666633
8.28962311111077
8.29656755555521
8.30351199999964
8.31045644444408
8.31740088888852
8.32434533333296
8.33112166666629
8.33806611111073
8.34501055555517
8.35195499999961
8.35862166666628
8.36556611111072
8.37223277777739
8.37917722222183
8.38612166666627
8.39306611111071
8.40001055555515
8.40695499999958
8.41389944444402
8.42084388888846
8.42773366666624
8.43467811111068
8.44162255555512
8.44856699999956
8.455511444444
8.46245588888844
8.46940033333288
8.47618866666621
8.48313311111065
8.49007755555509
8.49702199999953
8.50396644444396
8.5109108888884
8.51781766666618
8.52448433333285
8.53142877777729
8.53837322222173
8.54531766666617
8.55205666666617
8.55872333333284
8.56566777777728
8.57261222222172
8.57955666666616
8.5865011111106
8.59329766666616
8.6002421111106
8.60718655555504
8.61413099999948
8.62107544444392
8.62780766666614
8.63475211111058
8.64169655555501
8.64864099999945
8.65530766666612
8.66225211111056
8.669196555555
8.67614099999944
8.68308544444388
8.68975211111055
8.69669655555499
8.70364099999943
8.71058544444387
8.71752988888831
8.72434966666609
8.73129411111053
8.73823855555497
8.74511266666608
8.75205711111052
8.75880166666608
8.76574611111051
8.77269055555495
8.77963499999939
8.78657944444383
8.79352388888827
8.80046833333271
8.80741277777715
8.81435722222159
8.82121566666603
8.82816011111047
8.83510455555491
8.84177122222158
8.84871566666602
8.85538233333269
8.86232677777713
8.86927122222157
8.876215666666
8.883082666666
8.89002711111044
8.89697155555488
8.90391599999932
8.91086044444376
8.91766466666598
8.92460911111042
8.93155355555486
8.9384979999993
8.94544244444374
8.95229266666596
8.95895933333263
8.96590377777707
8.97284822222151
8.97979266666595
8.98673711111038
8.99368155555482
9.00062599999926
9.00742066666593
9.01436511111037
9.02130955555481
9.02802966666592
9.03497411111036
9.0419185555548
9.04886299999924
9.05580744444368
9.06247411111035
9.06941855555479
9.07636299999923
9.08333333333256
9.090277777777
9.09722222222143
9.10416666666587
9.11111111111031
9.11802766666587
9.12491466666587
9.13158133333254
9.13852577777698
9.14547022222142
9.15241466666586
9.15908133333253
9.16602577777697
9.17297022222141
9.17991466666585
9.18685911111029
9.19368466666585
9.20062911111029
9.20757355555473
9.21451799999917
9.22118466666583
9.22812911111027
9.23479577777694
9.24174022222138
9.24868466666582
9.25562911111026
9.2625735555547
9.26951799999914
9.27627866666581
9.28333333333248
9.29027777777692
9.29722222222136
9.3041666666658
9.31111111111024
9.3177866666658
9.32473111111024
9.33167555555468
9.33861999999912
9.34556444444356
9.35223111111022
9.35917555555466
9.3661199999991
9.37306444444354
9.38000888888798
9.38695333333242
9.39389777777686
9.4008422222213
9.40778666666574
9.41473111111018
9.42167555555462
9.42861999999906
9.43551666666573
9.4421833333324
9.44912777777684
9.45607222222128
9.46301666666571
9.46996111111015
9.47690555555459
9.48384999999903
9.49079444444347
9.49773888888791
9.50445066666569
9.51111733333236
9.5180617777768
9.52500622222124
9.53195066666568
9.53889511111012
9.54556177777679
9.55250622222123
9.55945066666566
9.56666666666566
9.57349066666566
9.5804351111101
9.58710177777677
9.59376844444344
9.60071288888788
9.60765733333232
9.61460177777676
9.62152266666565
9.62818933333232
9.63513377777676
9.6420782222212
9.64902266666564
9.65596711111008
9.66277566666564
9.66972011111008
9.67666455555452
9.68360899999896
9.69027566666563
9.69722011111006
9.7041645555545
9.71110899999894
9.71805344444338
9.72499788888782
9.7318006666656
9.73874511111004
9.7454796666656
9.75242411111004
9.75936855555448
9.76631299999892
9.77325744444336
9.7802018888878
9.78714633333224
9.79409077777668
9.80103522222112
9.80797966666556
9.81492411111
9.82186855555443
9.82881299999887
9.83559166666554
9.84253611110998
9.84948055555442
9.85623566666553
9.8629023333322
9.86984677777664
9.87679122222108
9.88333333333219
9.89027777777663
9.89722222222107
9.90416666666551
9.91111111110995
9.91777777777662
9.92472222222105
9.93166666666549
9.93861111110993
9.94555555555437
9.95249999999881
9.95944444444325
9.96638888888769
9.97333333333213
9.98008066666546
9.9870251111099
9.99396955555434
10.0009139999988
10.0078584444432
10.0148028888877
10.0217473333321
10.0286917777765
10.035636222221
10.0424116666654
10.0493561111099
10.0563005555543
10.0632449999987
10.0701894444432
10.0771338888876
10.0840206666654
10.0906873333321
10.0976317777765
10.1044506666654
10.1113951111098
10.1183395555543
10.1252839999987
10.1322284444431
10.1391728888876
10.1458395555543
10.1527839999987
10.1597284444431
10.1663951111098
10.1733395555542
10.1802839999987
10.1871986666654
10.1941431111098
10.2010875555542
10.2080319999987
10.2149764444431
10.2219208888875
10.228865333332
10.2358097777764
10.2427542222209
10.2496986666653
10.2564016666653
10.2633461111097
10.2702905555542
10.2769572222209
10.2836238888875
10.290568333332
10.2975127777764
10.3044356666653
10.3113801111097
10.3181696666653
10.3251141111097
10.3320585555542
10.3390029999986
10.3459474444431
10.3528918888875
10.3598363333319
10.3665516666653
10.3734961111097
10.3804405555541
10.3873849999986
10.3942466666652
10.4011911111097
10.4081355555541
10.4150799999986
10.4218226666652
10.4287671111097
10.4357115555541
10.4426559999986
10.449600444443
10.4562671111097
10.4632115555541
10.4701559999985
10.4768226666652
10.4837671111096
10.4907115555541
10.4976559999985
10.504600444443
10.5115448888874
10.5184893333318
10.5254337777763
10.5323782222207
10.5393226666652
10.5459893333318
10.5529337777763
10.5598782222207
10.5668226666652
10.5737671111096
10.580711555554
10.5876559999985
10.5943876666651
10.6013321111096
10.608276555554
10.6152209999985
10.6219426666651
10.6288871111096
10.6355537777762
10.6424982222207
10.6494426666651
10.6563871111096
10.663331555554
10.6702759999984
10.6772204444429
10.6841648888873
10.6911093333317
10.6980537777762
10.7047204444429
10.7116648888873
10.7186093333317
10.7254676666651
10.7324121111095
10.7393565555539
10.7462436666651
10.7531881111095
10.7601325555539
10.766830666665
10.7737751111095
10.7807195555539
10.7876639999984
10.7946084444428
10.8012751111095
10.8082195555539
10.8151639999983
10.8221084444428
10.8290528888872
10.8359973333317
10.8426639999983
10.8499999999983
10.8569444444428
10.8638888888872
10.8708333333317
10.8774999999983
10.884347666665
10.8912921111094
10.8979587777761
10.9049032222205
10.911847666665
10.9187921111094
10.925468666665
10.9333333333317
10.9399999999983
10.946666666665
10.9533333333317
10.9602777777761
10.9672222222205
10.974166666665
10.9811111111094
10.987963666665
10.9946303333316
11.0015747777761
11.0085192222205
11.015463666665
11.0224081111094
11.0293525555538
11.0362969999983
11.043169666665
11.0501141111094
11.0567807777761
11.0634474444427
11.0703918888872
11.0773363333316
11.084280777776
11.0912252222205
11.0980986666649
11.1050431111094
11.1119875555538
11.1189319999982
11.1255986666649
11.1325431111094
11.1394875555538
11.1462366666649
11.1531811111093
11.1601255555538
11.1668386666649
11.1737831111093
11.1807275555538
11.1876719999982
11.1943696666649
11.2013141111093
11.2082585555538
11.2152029999982
11.2221026666649
11.2290471111093
11.2359915555537
11.2429359999982
11.2499999999982
11.2567476666649
11.2636921111093
11.2706365555537
11.2775809999982
11.2845254444426
11.2913046666648
11.2982491111093
11.3051935555537
11.3121379999981
11.3190824444426
11.326026888887
11.3333333333315
11.3402777777759
11.3469444444426
11.3536111111092
11.3605555555537
11.3672222222204
11.3741666666648
11.3811111111092
11.3879346666648
11.3946013333315
11.4015457777759
11.4084902222203
11.4154346666648
11.4223791111092
11.4290457777759
11.4359902222203
11.4429346666648
11.4499999999981
11.4569444444425
11.4638706666648
11.4708151111092
11.4777595555536
11.4847039999981
11.4916484444425
11.498592888887
11.5054526666647
11.5121193333314
11.5190637777758
11.5260082222203
11.5329526666647
11.5398971111092
11.5465637777758
11.5535082222203
11.5601748888869
11.5671193333314
11.5740506666647
11.5809951111091
11.5879395555536
11.594883999998
11.6018284444425
11.6087728888869
11.6157173333313
11.6226617777758
11.6296062222202
11.6365506666647
11.6434951111091
11.6504395555535
11.6571062222202
11.6640506666646
11.6709951111091
11.6779395555535
11.6847076666646
11.6916521111091
11.6985965555535
11.7055236666646
11.7124681111091
11.7194125555535
11.7263569999979
11.7333014444424
11.7402458888868
11.7469125555535
11.7535792222202
11.7605236666646
11.767468111109
11.7744125555535
11.7813569999979
11.7880486666646
11.7947153333313
11.8016597777757
11.8086042222201
11.8155486666646
11.822493111109
11.8292806666646
11.836225111109
11.8431695555535
11.8501139999979
11.8570584444423
11.8638436666646
11.870788111109
11.8777325555534
11.8846769999979
11.8915486666645
11.898493111109
11.9054375555534
11.9123819999979
11.9192936666645
11.9259603333312
11.9329047777756
11.9398492222201
11.9467936666645
11.9534696666645
11.960414111109
11.9673585555534
11.9743029999978
11.9809696666645
11.9879141111089
11.9948585555534
12.0018029999978
12.0087474444423
12.0156918888867
12.0226363333311
12.0295807777756
12.03652522222
12.0434696666645
12.0504141111089
12.0573585555533
12.0640306666644
12.0709751111089
12.0779195555533
12.0848576666644
12.0915243333311
12.0984687777755
12.10541322222
12.1123576666644
12.1193021111089
12.1262465555533
12.1333333333311
12.1402777777755
12.14722222222
12.1541666666644
12.1611111111088
12.1680555555533
12.1747222222199
12.1816666666644
12.1883333333311
12.1952777777755
12.2022222222199
12.2091666666644
12.2161111111088
12.2228256666644
12.2297701111088
12.2364367777755
12.2433812222199
12.2503256666644
12.2572046666644
12.2641491111088
12.2710935555532
12.2778276666643
12.2847721111088
12.2917165555532
12.2986609999977
12.3056054444421
12.3125498888865
12.319494333331
12.3264387777754
12.3333726666643
12.3403171111088
12.3469837777754
12.3539282222199
12.3608726666643
12.3678171111087
12.3747615555532
12.3814316666643
12.3883761111087
12.3950427777754
12.4019872222198
12.4089316666643
12.4166666666643
12.4233333333309
12.4302777777754
12.4370896666643
12.4437563333309
12.4507007777754
12.4576452222198
12.4645896666643
12.4713596666643
12.4783041111087
12.4852485555531
12.4921929999976
12.499137444442
12.5060818888865
12.5130263333309
12.5199707777753
12.526637444442
12.5333041111087
12.5402046666642
12.5468713333309
12.5538157777753
12.5605086666642
12.5674531111087
12.5743975555531
12.5813419999976
12.588286444442
12.5952308888864
12.6021753333309
12.6091197777753
12.6160642222198
12.6230086666642
12.6299531111086
12.6368975555531
12.6438419999975
12.6507864444419
12.6577308888864
12.6645106666642
12.6714551111086
12.678399555553
12.6850662222197
12.6920106666642
12.6989551111086
12.7056217777753
12.7125662222197
12.7193286666641
12.7262731111086
12.7333333333308
12.7402777777752
12.7472222222197
12.7541666666641
12.7611111111086
12.7677777777752
12.7747222222197
12.7813888888863
12.7883333333308
12.7952777777752
12.8022222222197
12.8091666666641
12.8161111111085
12.823055555553
12.8299999999974
12.8369444444419
12.8438888888863
12.8508333333307
12.8577777777752
12.8647222222196
12.871612666664
12.8782793333307
12.8852237777752
12.8921682222196
12.899112666664
12.9060571111085
12.9130015555529
12.9199459999974
12.926808666664
12.9334753333307
12.9404197777751
12.9473642222196
12.954308666664
12.9612531111085
12.9681975555529
12.9748642222196
12.981808666664
12.9887531111084
12.9956975555529
13.0026419999973
13.0095864444418
13.016407666664
13.0230743333306
13.0300187777751
13.0369632222195
13.043907666664
13.0508521111084
13.0577965555528
13.0647409999973
13.071491666664
13.0784361111084
13.0853805555528
13.0923249999973
13.0992694444417
13.1062138888861
13.1131583333306
13.120102777775
13.1267694444417
13.1337138888861
13.1406583333306
13.147602777775
13.1542746666639
13.1612191111083
13.1681635555528
13.1750846666639
13.1817513333306
13.188695777775
13.1956402222194
13.2025846666639
13.2095291111083
13.2163376666639
13.2232821111083
13.2302265555528
13.2371709999972
13.2441154444416
13.2510598888861
13.2580043333305
13.264948777775
13.2716154444416
13.2785556666638
13.2852223333305
13.292166777775
13.2991112222194
13.3060556666638
13.3130001111083
13.3199445555527
13.3268889999972
13.3338334444416
13.340777888886
13.3477223333305
13.3546667777749
13.3616006666638
13.3682673333305
13.3752117777749
13.3821562222193
13.3891006666638
13.3959116666638
13.4025783333305
13.4095227777749
13.4166666666638
13.4236111111082
13.4305555555527
13.4374999999971
13.4441666666638
13.4511111111082
13.4580555555527
13.4649999999971
13.4717126666638
13.4786571111082
13.4853237777749
13.4922682222193
13.4992126666637
13.5061571111082
13.5130736666637
13.5200181111082
13.5269625555526
13.5339069999971
13.5408514444415
13.5477958888859
13.5547403333304
13.5616847777748
13.5686292222193
13.5753686666637
13.5823131111081
13.5892575555526
13.596201999997
13.6028706666637
13.6098151111081
13.6164817777748
13.6234262222192
13.6303706666637
13.6373151111081
13.6442595555526
13.651203999997
13.6581484444414
13.6650928888859
13.6717595555525
13.678703999997
13.6856484444414
13.6925928888859
13.6995373333303
13.7064817777747
13.7132306666636
13.7201751111081
13.7268417777747
13.7337862222192
13.7407306666636
13.7476751111081
13.7546195555525
13.7615639999969
13.7685084444414
13.7754286666636
13.782373111108
13.7893175555525
13.7962619999969
13.8032064444414
13.8101508888858
13.8170953333302
13.8240397777747
13.8309842222191
13.8376508888858
13.8445953333302
13.8515397777747
13.8584446666635
13.865389111108
13.8723335555524
13.8792779999969
13.8862224444413
13.8930266666635
13.8999999999969
13.9066666666635
13.9133333333302
13.9202777777746
13.9272222222191
13.9341386666635
13.941083111108
13.9480275555524
13.9549719999968
13.9616796666635
13.9683463333302
13.9752907777746
13.982235222219
13.9891796666635
13.9961241111079
14.0030685555524
14.0100129999968
14.0169574444412
14.0239018888857
14.0308463333301
14.0375129999968
14.0444286666635
14.0513731111079
14.0583175555523
14.0652619999968
14.0719286666635
14.0788731111079
14.0855896666634
14.0925341111079
14.0994785555523
14.1064229999968
14.1132526666634
14.1201971111079
14.1271415555523
14.1338186666634
14.1407631111079
14.1477075555523
14.1546519999967
14.1615964444412
14.1685408888856
14.1752075555523
14.1821519999967
14.1890964444412
14.1960408888856
14.2028116666634
14.2097561111078
14.2167005555523
14.2234626666634
14.2304071111078
14.2373515555523
14.2442959999967
14.2512404444411
14.2581848888856
14.26512933333
14.2720737777745
14.2790182222189
14.2856848888856
14.29262933333
14.2999999999967
14.3067236666633
14.31339033333
14.3203347777744
14.3272792222189
14.3342236666633
14.3411681111078
14.3481125555522
14.3550569999966
14.3620014444411
14.3689458888855
14.37589033333
14.3825569999966
14.3895014444411
14.3964458888855
14.40339033333
14.4103347777744
14.4172792222188
14.4242236666633
14.4311681111077
14.4381125555521
14.4448486666633
14.4515306666633
14.4584751111077
14.4651417777744
14.4720862222188
14.4790306666632
14.4859751111077
14.4929195555521
14.4999999999966
14.5067146666632
14.5136591111077
14.5206035555521
14.5275479999966
14.5342146666632
14.5411591111077
14.5481035555521
14.5550479999965
14.561992444441
14.5689368888854
14.5758813333299
14.5833333333299
14.5899999999965
14.5966666666632
14.6036111111076
14.6105555555521
14.6172222222187
14.6238888888854
14.6308333333299
14.6377777777743
14.6447222222187
14.6514236666632
14.6583681111076
14.6653125555521
14.6722569999965
14.6792014444409
14.6859996666631
14.6929441111076
14.6999999999965
14.7069444444409
14.7138086666631
14.7207531111076
14.7274197777742
14.7343642222187
14.7413086666631
14.7482531111076
14.7551946666631
14.7618613333298
14.7688057777742
14.7757356666631
14.7833333333298
14.7900266666631
14.7966933333298
14.8033599999965
14.8103044444409
14.8172488888853
14.8241933333298
14.8311377777742
14.8380822222187
14.8450266666631
14.8519246666631
14.8585913333298
14.8655357777742
14.8724802222186
14.8791826666631
14.8861271111075
14.893071555552
14.9000159999964
14.9067326666631
14.9136771111075
14.920621555552
14.9272882222186
14.9342326666631
14.9411771111075
14.9481215555519
14.9550659999964
14.961771666663
14.9687161111075
14.9756605555519
14.9826049999964
14.9895494444408
14.996256666663
15.0032011111075
15.0101455555519
15.0170899999963
15.0240344444408
15.0309788888852
15.0379233333297
15.0448677777741
15.051544666663
15.0584891111074
15.0654335555519
15.0723779999963
15.0793224444407
15.0862668888852
15.0932113333296
15.1001557777741
15.1071002222185
15.1140446666629
15.1209891111074
15.1279335555518
15.1346002222185
15.1415446666629
15.1482113333296
15.155155777774
15.1621002222185
15.1690446666629
15.1757536666629
15.1826981111074
15.1896425555518
15.1965869999962
15.2035314444407
15.2104758888851
15.2174203333296
15.2243636666629
15.2310303333296
15.237974777774
15.2449192222184
15.2518636666629
15.2588081111073
15.2657525555518
15.2726969999962
15.2796414444406
15.2865858888851
15.2934046666629
15.3003491111073
15.307015777774
15.3139602222184
15.3209046666628
15.3278491111073
15.3347935555517
15.3417379999962
15.3486824444406
15.355626888885
15.3625396666628
15.3694841111073
15.3764285555517
15.3833729999961
15.3903174444406
15.3969906666628
15.4036573333295
15.4106017777739
15.4175462222183
15.4244906666628
15.4314351111072
15.4381017777739
15.4450462222183
15.4519906666628
15.4589351111072
15.4656017777739
15.4725462222183
15.4794906666628
15.4864351111072
15.4933795555516
15.5003239999961
15.5072684444405
15.5139726666627
15.5209171111072
15.5278615555516
15.5347316666627
15.5416761111072
15.5486205555516
15.555564999996
15.5625094444405
15.5694538888849
15.5763983333294
15.5832006666627
15.5898673333294
15.5968096666627
15.6037541111071
15.6106985555516
15.617642999996
15.6245874444404
15.6315318888849
15.6383406666627
15.6450073333293
15.6519517777738
15.6588962222182
15.6655856666626
15.6725301111071
15.6794745555515
15.686418999996
15.6933634444404
15.7001546666626
15.7070991111071
15.7140435555515
15.7209879999959
15.7276546666626
15.7345991111071
15.7415435555515
15.7484879999959
15.7554324444404
15.7623768888848
15.7693213333293
15.7762657777737
15.7830936666626
15.790038111107
15.7969825555515
15.8039269999959
15.8108714444403
15.8178158888848
15.8247603333292
15.8316076666625
15.8383986666625
15.845343111107
15.8522875555514
15.8592319999959
15.8661764444403
15.8728536666625
15.879798111107
15.8867425555514
15.8936869999958
15.9006314444403
15.9075758888847
15.9143466666625
15.9212911111069
15.9282355555514
15.9351799999958
15.9418466666625
15.9487911111069
15.9557355555514
15.9626799999958
15.9696244444402
15.9763876666625
15.9830543333291
15.9899987777736
15.996943222218
16.0038876666625
16.0108321111069
16.0177765555513
16.0247209999958
16.0316654444402
16.0383321111069
16.0452765555513
16.0522209999958
16.0591654444402
16.0661098888846
16.0730543333291
16.0799987777735
16.0868806666624
16.0935473333291
16.1004917777735
16.107436222218
16.1142656666624
16.1212101111068
16.1281545555513
16.1350989999957
16.1420434444402
16.1489878888846
16.155932333329
16.1628767777735
16.1698212222179
16.1765756666623
16.183242333329
16.1901867777735
16.1971312222179
16.2039356666623
16.2108801111068
16.2178245555512
16.2245946666623
16.2315391111068
16.2384486666623
16.2453931111068
16.2523375555512
16.2590042222179
16.2659486666623
16.2728931111068
16.2798375555512
16.2866206666623
16.2935651111067
16.3005095555512
16.3074539999956
16.3143984444401
16.3213428888845
16.3282776666623
16.3352221111067
16.3421665555512
16.3491109999956
16.35605544444
16.3629998888845
16.3696665555511
16.3766109999956
16.3833416666623
16.3902861111067
16.3972305555511
16.4038972222178
16.4108416666622
16.4177861111067
16.4246796666622
16.4316241111067
16.4385685555511
16.4455129999956
16.45245744444
16.4594018888844
16.4666666666622
16.4736111111067
16.4805555555511
16.4874999999955
16.4943746666622
16.5010413333289
16.5077079999955
16.51465244444
16.5215968888844
16.5285413333289
16.5354857777733
16.5424302222177
16.5493746666622
16.5563191111066
16.5632635555511
16.5702079999955
16.5771524444399
16.5840968888844
16.5910413333288
16.5977326666622
16.6043993333288
16.6113437777733
16.6182882222177
16.6249606666621
16.6319051111066
16.638849555551
16.6457939999955
16.6525656666621
16.6595101111066
16.666454555551
16.6731756666621
16.6801201111066
16.687064555551
16.6940089999954
16.7007176666621
16.7076621111065
16.714606555551
16.7215509999954
16.7282476666621
16.7351921111065
16.742136555551
16.7490809999954
16.7560254444398
16.7629698888843
16.7699143333287
16.7768587777732
16.7838032222176
16.790747666662
16.7974143333287
16.8043587777732
16.8113032222176
16.818247666662
16.8251921111065
16.831879666662
16.8388241111065
16.8457685555509
16.852623666662
16.8595681111065
16.8665125555509
16.873189666662
16.8801341111064
16.8870785555509
16.8940229999953
16.9009674444398
16.9079118888842
16.9148563333286
16.921772666662
16.9287171111064
16.9356615555509
16.9426059999953
16.9495504444397
16.9564948888842
16.9634393333286
16.970383777773
16.9771056666619
16.9840501111064
16.990716777773
16.9976612222175
17.0043496666619
17.0112941111064
17.0182385555508
17.0251829999952
17.0321274444397
17.0390718888841
17.0460163333286
17.0526829999952
17.0596274444397
17.0666666666619
17.0733333333286
17.080277777773
17.0872222222174
17.0941666666619
17.1011111111063
17.1080555555508
17.1149999999952
17.1219444444396
17.1286111111063
17.1355555555508
17.1424999999952
17.1494444444396
17.1563888888841
17.1633333333285
17.1702777777729
17.1772222222174
17.1839956666618
17.1909401111063
17.1978845555507
17.2048289999951
17.2117734444396
17.2184401111063
17.2253845555507
17.2323289999951
17.2392734444396
17.2459401111062
17.2528845555507
17.2598289999951
17.2666136666618
17.2735581111062
17.2805025555507
17.2874469999951
17.2942496666618
17.3011941111062
17.3081385555507
17.3150829999951
17.3217496666618
17.3286941111062
17.3356385555507
17.3425829999951
17.3495274444395
17.356471888884
17.3634163333284
17.3703607777728
17.3773052222173
17.3842496666617
17.3909163333284
17.3978607777728
17.4045274444395
17.4114718888839
17.4184163333284
17.4252366666617
17.4321811111062
17.4391255555506
17.446069999995
17.4530144444395
17.4599588888839
17.4669033333284
17.473569999995
17.4805144444395
17.4874588888839
17.4943826666617
17.5013271111061
17.5082715555506
17.515215999995
17.5219386666617
17.5288831111061
17.5355497777728
17.5424942222172
17.5494386666617
17.5563831111061
17.5633275555505
17.5702706666616
17.5772151111061
17.5841595555505
17.591103999995
17.5980484444394
17.6049928888838
17.6116816666616
17.6186261111061
17.6255705555505
17.6325149999949
17.6394594444394
17.6464038888838
17.6533483333283
17.6600149999949
17.6669594444394
17.673626111106
17.6805705555505
17.6875149999949
17.6943536666616
17.701298111106
17.7081746666616
17.715119111106
17.7220635555505
17.7290079999949
17.7359524444393
17.7428968888838
17.7499999999949
17.7566676666616
17.763612111106
17.7705565555504
17.7775009999949
17.7842916666616
17.791236111106
17.7981805555504
17.8051136666615
17.8117803333282
17.8187247777727
17.8256692222171
17.8326136666615
17.839558111106
17.8465025555504
17.8532156666615
17.860160111106
17.8670536666615
17.8737203333282
17.8806647777726
17.8876092222171
17.8945536666615
17.9014981111059
17.9084425555504
17.9153869999948
17.9223314444393
17.9292758888837
17.9362203333281
17.9431647777726
17.9498314444393
17.9567758888837
17.9637203333281
17.9703869999948
17.9773314444392
17.9842758888837
17.9911826666615
17.9981271111059
18.0049846666615
18.0119291111059
18.0188735555503
18.0258179999948
18.0327624444392
18.0397068888837
18.0466513333281
18.0535146666614
18.0601813333281
18.0671257777725
18.074070222217
18.0809866666614
18.0879311111059
18.0945977777725
18.101542222217
18.1084746666614
18.1154191111058
18.1223635555503
18.1293079999947
18.1359746666614
18.1429191111058
18.1499999999947
18.1567126666614
18.1636571111058
18.1706015555503
18.1775459999947
18.1842126666614
18.1911571111058
18.1981015555503
18.2047786666614
18.2117231111058
18.2186675555503
18.2256119999947
18.2325564444391
18.2395008888836
18.246445333328
18.2533897777724
18.2603342222169
18.2670406666613
18.2739851111058
18.2807166666613
18.2876611111058
18.2946055555502
18.3015499999946
18.3082646666613
18.3152091111058
18.3221535555502
18.3290979999946
18.3360424444391
18.3428466666613
18.3499999999946
18.3569444444391
18.3638888888835
18.3708333333279
18.3777777777724
18.3845756666613
18.3915201111057
18.3984645555502
18.4054089999946
18.4120756666613
18.4190201111057
18.4259206666613
18.4333333333279
18.4399999999946
18.446944444439
18.4538888888835
18.4605555555502
18.4674999999946
18.474444444439
18.4813888888835
18.4883333333279
18.4952777777724
18.5019996666612
18.5086663333279
18.5156107777724
18.5225552222168
18.5294996666612
18.5364441111057
18.5433885555501
18.5503126666612
18.5569793333279
18.5639237777723
18.5708682222168
18.5775348888834
18.5844793333279
18.5914237777723
18.5982216666612
18.6051661111057
18.6121105555501
18.6190549999945
18.6258666666612
18.6333333333279
18.6399999999945
18.646944444439
18.6538888888834
18.6608333333279
18.6677686666612
18.6747131111056
18.6816575555501
18.6883242222167
18.6952686666612
18.7020726666612
18.7087393333278
18.7166666666612
18.7236111111056
18.7302777777723
18.736944444439
18.7438126666612
18.7507571111056
18.7577015555501
18.7646459999945
18.7715904444389
18.7784376666612
18.7851043333278
18.7919566666612
18.7989011111056
18.80584555555
18.8127899999945
18.8197344444389
18.8265486666611
18.8332153333278
18.8401236666611
18.8470681111056
18.8537866666611
18.8604533333278
18.8673977777723
18.8743422222167
18.8812866666611
18.8882311111056
18.8949616666611
18.9019061111056
18.90885055555
18.9157949999944
18.9227394444389
18.9296838888833
18.9366283333278
18.9435727777722
18.9505172222166
18.9574616666611
18.9644061111055
18.97135055555
18.9782949999944
18.9850796666611
18.9917463333277
18.9986907777722
19.0056352222166
19.0125796666611
19.0192463333277
19.0261907777722
19.0331352222166
19.0400796666611
19.046800666661
19.0537451111055
19.0606895555499
19.0676339999944
19.0745784444388
19.0815228888832
19.0881895555499
19.0951339999944
19.1020784444388
19.1090228888832
19.1159673333277
19.122824666661
19.1297691111054
19.1367135555499
19.1433802222166
19.150324666661
19.1572691111054
19.1642135555499
19.1711579999943
19.1781024444388
19.1850468888832
19.1917135555499
19.1986579999943
19.2056024444387
19.2125468888832
19.2194913333276
19.2262606666609
19.2333333333276
19.2402777777721
19.2469856666609
19.2539301111054
19.2608745555498
19.2677326666609
19.2743993333276
19.281343777772
19.2882882222165
19.2952326666609
19.3018993333276
19.308843777772
19.3166666666609
19.3236111111054
19.3305555555498
19.3372222222165
19.3438888888831
19.3508333333276
19.357777777772
19.3647222222165
19.3716666666609
19.3783333333276
19.385277777772
19.3919444444387
19.3988888888831
19.4058333333276
19.412777777772
19.4197222222164
19.4265436666609
19.4332103333276
19.440154777772
19.4470992222164
19.4540436666609
19.4609881111053
19.4679325555498
19.4747156666609
19.4816601111053
19.4886045555497
19.4952712222164
19.5022156666608
19.5091601111053
19.5161045555497
19.5230489999942
19.5299934444386
19.536937888883
19.5438823333275
19.5505489999942
19.5574934444386
19.564437888883
19.5713823333275
19.5783267777719
19.5850676666608
19.5920121111052
19.5989565555497
19.6059009999941
19.6128454444386
19.619789888883
19.6267343333274
19.6335176666608
19.6404621111052
19.6474065555496
19.6540732222163
19.6610176666608
19.6679621111052
19.6747416666608
19.6816861111052
19.6886305555496
19.6952972222163
19.7022416666607
19.7091861111052
19.7166666666607
19.7233333333274
19.7302777777719
19.7372222222163
19.7439456666607
19.7508901111052
19.7578345555496
19.7647789999941
19.7717234444385
19.7786678888829
19.7853976666607
19.7920643333274
19.7990087777718
19.8059532222163
19.8128976666607
19.8195643333274
19.8265087777718
19.8334532222163
19.8403976666607
19.8470643333274
19.8540087777718
19.8609532222162
19.8678976666607
19.8745643333274
19.8815087777718
19.8884532222162
19.8953976666607
19.9023421111051
19.9092865555495
19.9166666666607
19.9234206666607
19.9300873333273
19.9370317777718
19.9438116666607
19.9507561111051
19.9577005555495
19.9643672222162
19.9713116666607
19.9782561111051
19.9852005555495
19.992144999994
19.9990894444384
20.0059596666606
20.0129041111051
20.0198485555495
20.0267929999939
20.0335236666606
20.0404681111051
20.0474125555495
20.0543569999939
20.0613014444384
20.0680596666606
20.075004111105
20.0818926666606
20.088837111105
20.0955037777717
20.1024482222161
20.1093926666606
20.1166666666606
20.123611111105
20.1305555555495
20.1374999999939
20.1444444444383
20.1513888888828
20.1581096666606
20.165054111105
20.1717726666606
20.178717111105
20.1853837777717
20.1923282222161
20.1992726666605
20.206217111105
20.2131615555494
20.2198596666605
20.226804111105
20.2334707777716
20.2404152222161
20.2473596666605
20.254304111105
20.2609707777716
20.2679152222161
20.2748596666605
20.2818041111049
20.2886896666605
20.2956341111049
20.3025785555494
20.3095229999938
20.3166666666605
20.3235966666605
20.3305411111049
20.3372077777716
20.344152222216
20.3510966666605
20.3580411111049
20.3647077777716
20.371652222216
20.3785966666605
20.3855411111049
20.3924855555494
20.3999999999938
20.4069444444382
20.4136111111049
20.4205555555493
20.4273646666605
20.4341656666605
20.4411101111049
20.4479786666605
20.4546453333271
20.4615897777716
20.468534222216
20.4754786666604
20.4821453333271
20.4890897777716
20.496034222216
20.5029786666604
20.5096453333271
20.5166666666604
20.5235946666604
20.5302613333271
20.5372057777715
20.544150222216
20.5510946666604
20.5580391111049
20.5649835555493
20.5719279999937
20.5788724444382
20.5857936666604
20.5927381111048
20.5996825555493
20.6066269999937
20.6135714444382
20.6205158888826
20.627460333327
20.6344047777715
20.6413492222159
20.6480158888826
20.6546825555493
20.6616269999937
20.6684336666604
20.6753781111048
20.6823225555492
20.6892669999937
20.6959336666604
20.7028781111048
20.7098225555492
20.7167669999937
20.7237114444381
20.7306558888825
20.737600333327
20.7443316666603
20.7512761111048
20.7582205555492
20.7651649999936
20.7719006666603
20.7788451111047
20.7855117777714
20.7924562222159
20.7999999999936
20.8069444444381
20.8137906666603
20.8207351111047
20.8276795555492
20.8343676666603
20.8413121111047
20.8482565555492
20.8549232222158
20.8618676666603
20.8688121111047
20.8755456666603
20.8822123333269
20.8891567777714
20.8961012222158
20.9030456666603
20.9099901111047
20.9169345555491
20.9238786666603
20.9308231111047
20.9377675555491
20.9444376666602
20.9513821111047
20.9583265555491
20.9652709999936
20.972215444438
20.9791598888824
20.9861043333269
20.9930487777713
20.9999999999935
21.006944444438
21.0138888888824
21.0206046666602
21.0272713333269
21.0342157777713
21.0411602222157
21.0481046666602
21.0550491111046
21.0619386666602
21.0688831111046
21.0757906666602
21.0824573333269
21.0894017777713
21.0961926666602
21.1031371111046
21.1100815555491
21.1170259999935
21.1237586666602
21.1307031111046
21.1376475555491
21.1445919999935
21.1515364444379
21.1584808888824
21.165147555549
21.1720919999935
21.1790364444379
21.1857031111046
21.192647555549
21.1999999999935
21.2066676666601
21.2136121111046
21.220556555549
21.2275009999935
21.2344454444379
21.2413898888823
21.2482886666601
21.2549553333268
21.2618236666601
21.2684903333268
21.2754347777712
21.2823566666601
21.2893011111046
21.2959677777712
21.3029122222157
21.3098566666601
21.3168011111045
21.323745555549
21.3306899999934
21.3376344444379
21.3444456666601
21.3513901111045
21.358334555549
21.3652789999934
21.3720666666601
21.3790111111045
21.385955555549
21.3928999999934
21.3999999999934
21.4069444444378
21.4136296666601
21.4205741111045
21.4275185555489
21.4344629999934
21.4414074444378
21.4483518888822
21.4550185555489
21.46191466666
21.4688591111045
21.4758035555489
21.4827479999933
21.4896924444378
21.49652866666
21.5031953333267
21.5101397777711
21.5170842222156
21.52402866666
21.5309731111044
21.5379175555489
21.54464066666
21.5515851111044
21.5585295555489
21.5654739999933
21.57223466666
21.5791791111044
21.5861235555488
21.5930679999933
21.6000124444377
21.6069568888822
21.6138726666599
21.6208171111044
21.6277615555488
21.6344282222155
21.6410948888822
21.6480393333266
21.654983777771
21.6618646666599
21.6688091111044
21.6757535555488
21.6826979999933
21.6896424444377
21.6964476666599
21.7033921111044
21.7103365555488
21.7172809999932
21.7242254444377
21.7310876666599
21.7380321111043
21.744698777771
21.7516432222154
21.7585226666599
21.7654671111043
21.7724115555488
21.7793559999932
21.7863004444376
21.7932448888821
21.8001893333265
21.807133777771
21.8138286666598
21.8207731111043
21.8277175555487
21.8346619999932
21.8416064444376
21.848550888882
21.8553816666598
21.8620483333265
21.8689927777709
21.8759372222154
21.8828816666598
21.8898261111043
21.8967705555487
21.9037149999931
21.9106594444376
21.917603888882
21.9243936666598
21.9313381111042
21.9382825555487
21.9452269999931
21.9521714444375
21.959115888882
21.9660603333264
21.9730047777709
21.9799492222153
21.9867846666597
21.9937291111042
22.0003957777709
22.0072946666597
22.0139613333264
22.0209057777709
22.0278502222153
22.0347016666597
22.0416461111042
22.0485905555486
22.0555349999931
22.0622706666597
22.0692151111042
22.0761595555486
22.0833333333264
22.0902777777708
22.0969444444375
22.1036111111042
22.1105555555486
22.1172446666597
22.1241891111042
22.1311335555486
22.1378002222153
22.1447446666597
22.1516891111041
22.1584656666597
22.1654101111041
22.1723545555486
22.179298999993
22.1862434444375
22.1931878888819
22.2001323333263
22.2070767777708
22.2137434444375
22.2206878888819
22.2276323333263
22.2345767777708
22.2415212222152
22.2484656666596
22.2554101111041
22.2622446666596
22.2691891111041
22.2761335555485
22.283077999993
22.2900224444374
22.2969668888818
22.3039113333263
22.3108557777707
22.3178002222152
22.3247446666596
22.331689111104
22.3383557777707
22.3453002222152
22.3522446666596
22.359189111104
22.3658676666596
22.372812111104
22.3797565555485
22.3867009999929
22.3934876666596
22.400432111104
22.4070987777707
22.4140432222151
22.4209876666596
22.427932111104
22.4348765555484
22.4418209999929
22.4484876666596
22.455432111104
22.4622676666596
22.469212111104
22.4761565555484
22.4833333333262
22.4902777777707
22.4972046666595
22.504149111104
22.5110935555484
22.5178126666595
22.5247486666595
22.531693111104
22.5386375555484
22.5455819999929
22.5522486666595
22.559193111104
22.5658597777706
22.5728042222151
22.5797486666595
22.586693111104
22.5936375555484
22.6005819999928
22.6072946666595
22.6142391111039
22.6211835555484
22.6281279999928
22.6348276666595
22.6417721111039
22.6487165555484
22.6555176666595
22.6624621111039
22.6694065555484
22.6763509999928
22.6833333333261
22.6902777777706
22.697222222215
22.7038888888817
22.7108333333261
22.7176776666594
22.7243443333261
22.7312887777706
22.738233222215
22.7451776666594
22.7521221111039
22.7590665555483
22.7660109999927
22.7729554444372
22.7798998888816
22.7868443333261
22.7937887777705
22.8007332222149
22.8076776666594
22.8146221111038
22.8215665555483
22.8283126666594
22.834979333326
22.8419237777705
22.8488682222149
22.8558126666594
22.8627571111038
22.8696426666594
22.8765871111038
22.8832537777705
22.8901982222149
22.8971426666593
22.9040871111038
22.9110315555482
22.9179759999927
22.9246656666593
22.9316101111038
22.9385545555482
22.9452212222149
22.9521656666593
22.9591101111038
22.9660545555482
22.9729989999926
22.9799434444371
22.9868878888815
22.993832333326
23.0007767777704
23.0074434444371
23.0143878888815
23.021332333326
23.0282767777704
23.0352212222148
23.0421596666593
23.0491041111037
23.0560485555481
23.0629929999926
23.0697326666593
23.0764576666593
23.0834021111037
23.0903465555481
23.0972909999926
23.104235444437
23.1111798888815
23.1181243333259
23.1247909999926
23.131735444437
23.1386798888814
23.1456243333259
23.1525687777703
23.1595132222148
23.1666666666592
23.1733333333259
23.1802676666592
23.1872121111036
23.1941565555481
23.2011009999925
23.208045444437
23.2149898888814
23.2219343333258
23.2286286666592
23.2352953333258
23.2421416666592
23.2490861111036
23.256030555548
23.2629749999925
23.2696906666592
23.2763573333258
23.2833333333258
23.2902777777703
23.2969444444369
23.3038888888814
23.3108333333258
23.3177777777703
23.3247222222147
23.3316666666591
23.3386111111036
23.345555555548
23.3523746666591
23.3593191111036
23.3666666666591
23.3734606666591
23.3804051111036
23.3870717777702
23.3940162222147
23.4007786666591
23.4077231111036
23.4144406666591
23.4213851111036
23.428329555548
23.4352739999924
23.4422184444369
23.4491206666591
23.4557873333258
23.4627317777702
23.4696296666591
23.4765741111035
23.483518555548
23.4904629999924
23.4974074444368
23.5043518888813
23.5112963333257
23.5182346666591
23.5249013333257
23.5318457777702
23.5387902222146
23.545475666659
23.5524201111035
23.5593645555479
23.5663089999924
23.5732534444368
23.580053666659
23.5869981111035
23.5939425555479
23.6008869999923
23.607553666659
23.6144981111035
23.6214425555479
23.6283869999923
23.6353314444368
23.642236666659
23.6491811111034
23.6561255555479
23.6630699999923
23.669863666659
23.6768081111034
23.6837525555479
23.6906969999923
23.6976414444367
23.704353666659
23.7112981111034
23.7182425555478
23.7249092222145
23.7318536666589
23.7387981111034
23.7457425555478
23.7526869999923
23.7596314444367
23.7666666666589
23.7736111111034
23.7805555555478
23.7874999999922
23.7944444444367
23.8013888888811
23.8080555555478
23.8148106666589
23.8217551111033
23.8286995555478
23.8356439999922
23.8424306666589
23.8499999999922
23.8566666666589
23.8633333333256
23.87027777777
23.8769996666589
23.8836663333256
23.89061077777
23.8975552222144
23.9044996666589
23.9114441111033
23.9183885555478
23.9253329999922
23.9322774444366
23.9389441111033
23.9458885555478
23.9528329999922
23.9597774444366
23.9667218888811
23.9734646666588
23.9804091111033
23.98707577777
23.9940202222144
24.0009646666588
24.0079091111033
24.0145757777699
24.0215202222144
24.0284646666588
24.0354091111033
24.0420816666588
24.0490261111033
24.0559705555477
24.0629149999921
24.0698594444366
24.076803888881
24.0837483333255
24.0906927777699
24.0973594444366
24.104303888881
24.1112483333255
24.1181927777699
24.1251372222143
24.1320816666588
24.1390261111032
24.1459705555476
24.1529149999921
24.1598594444365
24.166803888881
24.1737483333254
24.1806927777698
24.1876372222143
24.1945816666587
24.2015261111032
24.2084705555476
24.2151372222143
24.2220816666587
24.2290261111032
24.2359705555476
24.242914999992
24.249999999992
24.2566666666587
24.2635476666587
24.2702143333254
24.276880999992
24.2838254444365
24.2907698888809
24.2977143333254
24.3044466666587
24.3113911111031
24.3183355555476
24.325279999992
24.3319956666587
24.3389401111031
24.3458845555476
24.352828999992
24.3597734444364
24.3667178888809
24.3736623333253
24.3806067777698
24.3874326666586
24.3943771111031
24.4013215555475
24.408265999992
24.4149726666586
24.4219171111031
24.4288615555475
24.4358059999919
24.4427504444364
24.4499999999919
24.4569444444364
24.4638888888808
24.4707056666586
24.4776336666586
24.4843003333253
24.4911626666586
24.4978293333253
24.5047737777697
24.5117182222142
24.5186626666586
24.525607111103
24.5333333333253
24.5399999999919
24.5466666666586
24.553611111103
24.5605555555475
24.5674999999919
24.5741666666586
24.5810376666586
24.5877043333253
24.5946487777697
24.6015932222141
24.6083486666586
24.615293111103
24.6222375555475
24.6289042222141
24.6358486666586
24.642793111103
24.6499999999919
24.6569444444363
24.6637616666586
24.6706496666586
24.6773163333252
24.6842607777697
24.6912052222141
24.6981496666585
24.7050106666585
24.711955111103
24.7186217777697
24.7255662222141
24.7322536666585
24.739198111103
24.7461425555474
24.7530436666585
24.759988111103
24.7669325555474
24.7738769999918
24.7808214444363
24.787488111103
24.7944325555474
24.8013769999918
24.8083214444363
24.8152146666585
24.8221591111029
24.8291035555474
24.8360479999918
24.8429924444363
24.8499999999918
24.8569444444363
24.8638888888807
24.8708333333251
24.8776386666585
24.8843053333251
24.8912497777696
24.898194222214
24.9049906666584
24.9119351111029
24.9188795555473
24.9258239999918
24.9325286666584
24.9394731111029
24.9464175555473
24.953084222214
24.9600286666584
24.9669731111029
24.9737676666584
24.9807121111029
24.9876565555473
24.9946009999917
25.0015454444362
25.0084898888806
25.0154343333251
25.0222016666584
25.0291461111028
25.0359076666584
25.0428521111028
25.0496616666584
25.0566061111028
25.0635505555473
25.0704949999917
25.0774394444361
25.0843838888806
25.091328333325
25.0982727777695
25.1052172222139
25.1120606666583
25.1190051111028
25.1259495555472
25.1326162222139
25.1395606666583
25.1465051111028
25.1534495555472
25.1601162222139
25.1670606666583
25.1740051111028
25.1809495555472
25.1878939999916
25.1948384444361
25.2017828888805
25.2086896666583
25.2156341111027
25.2225785555472
25.2295229999916
25.2361986666583
25.2431431111027
25.2500875555472
25.2570319999916
25.263976444436
25.2707456666583
25.2776901111027
25.2846345555471
25.2915789999916
25.298523444436
25.3051901111027
25.3121345555471
25.3190789999916
25.3258496666582
25.3333333333249
25.3402777777694
25.3472222222138
25.3540266666582
25.3606933333249
25.3676377777693
25.3745822222138
25.3815266666582
25.3881933333249
25.3950636666582
25.4020081111027
25.4086747777693
25.4156192222138
25.4225636666582
25.4295081111027
25.4364525555471
25.4433969999915
25.4500636666582
25.4570081111026
25.4639525555471
25.4706192222138
25.4775636666582
25.4844606666582
25.4914051111026
25.4983495555471
25.5052939999915
25.5122384444359
25.5191828888804
25.5260656666582
25.5330101111026
25.5396767777693
25.5466212222137
25.5535656666582
25.5605101111026
25.567454555547
25.5743226666581
25.5812671111026
25.5879337777693
25.5948782222137
25.6018226666581
25.6087671111026
25.615711555547
25.6226559999915
25.6296004444359
25.6363896666581
25.6433341111026
25.650278555547
25.6572229999914
25.6638896666581
25.6708341111025
25.677778555547
25.6845506666581
25.6914951111025
25.698439555547
25.7053839999914
25.7121816666581
25.7191261111025
25.726070555547
25.7333333333247
25.7399999999914
25.7469444444358
25.7538888888803
25.760555555547
25.7674999999914
25.7744444444358
25.7813888888803
25.7882116666581
25.7951561111025
25.8021005555469
25.8087672222136
25.815711666658
25.8226561111025
25.829515666658
25.8364601111025
25.8434045555469
25.850074666658
25.8570191111025
25.8639635555469
25.8709079999914
25.8778524444358
25.8847968888802
25.8917413333247
25.8986857777691
25.9056302222135
25.912522666658
25.9191893333247
25.9261337777691
25.9333333333247
25.9402777777691
25.9472222222135
25.954166666658
25.9611111111024
25.9680555555469
25.9749999999913
25.981769666658
25.988594666658
25.9952613333246
26.0022057777691
26.0091502222135
26.0158168888802
26.0227613333246
26.0297057777691
26.0366502222135
26.0435946666579
26.0499999999913
26.0569444444357
26.0638888888802
26.0708333333246
26.077777777769
26.0845516666579
26.0914961111024
26.0984405555468
26.1053849999912
26.1123294444357
26.1192738888801
26.1259586666579
26.1329031111023
26.1398475555468
26.1467919999912
26.1537364444357
26.1606808888801
26.1676253333245
26.174569777769
26.1815142222134
26.1883016666579
26.1952461111023
26.2021905555467
26.2090836666578
26.2157503333245
26.222694777769
26.2296392222134
26.2365836666578
26.2435281111023
26.2504725555467
26.2574169999912
26.2643614444356
26.2713036666578
26.2782481111023
26.2851925555467
26.2921369999911
26.2990814444356
26.3057481111022
26.3126925555467
26.3196369999911
26.3265376666578
26.3334821111022
26.3404265555467
26.3473286666578
26.3542731111022
26.3612175555467
26.3681619999911
26.3748286666578
26.3817731111022
26.3887175555466
26.3953842222133
26.4023286666578
26.4092731111022
26.4162175555466
26.4231556666577
26.4301001111022
26.4370445555466
26.4439889999911
26.4509334444355
26.4578778888799
26.4647766666577
26.4714433333244
26.4783877777688
26.4851976666577
26.4921421111022
26.4988087777688
26.5057532222133
26.5126976666577
26.5196421111022
26.5265865555466
26.5333496666577
26.5402941111021
26.5472385555466
26.5539052222132
26.5608496666577
26.5677941111021
26.5747385555466
26.581682999991
26.5886274444354
26.5955718888799
26.6025046666577
26.6094491111021
26.6166666666577
26.6233333333243
26.6302406666577
26.6371851111021
26.6438517777688
26.6507962222132
26.6577406666577
26.6646851111021
26.6713517777688
26.6782962222132
26.6852406666576
26.6921851111021
26.6991295555465
26.7058856666576
26.7128301111021
26.7197745555465
26.726718999991
26.7333333333243
26.7402777777687
26.7470676666576
26.7540121111021
26.7609565555465
26.7679009999909
26.7745676666576
26.781512111102
26.7884565555465
26.7954009999909
26.8023454444354
26.8091096666576
26.816054111102
26.8229985555465
26.8299429999909
26.8368874444353
26.8436876666576
26.850632111102
26.8575765555464
26.8645209999909
26.8714654444353
26.8783286666575
26.885273111102
26.8922066666575
26.899151111102
26.9058177777686
26.9127622222131
26.9197066666575
26.926651111102
26.9335955555464
26.9405399999908
26.9472066666575
26.9541511111019
26.9610955555464
26.9680399999908
26.9749844444353
26.9819288888797
26.9888733333241
26.9958177777686
27.002762222213
27.0097066666575
27.0163733333241
27.0233177777686
27.030262222213
27.0372066666575
27.0441511111019
27.0510955555463
27.0580399999908
27.0647816666574
27.0717261111019
27.0786705555463
27.085337222213
27.0922816666574
27.0992261111019
27.1061705555463
27.1131149999907
27.1200594444352
27.1270038888796
27.1338976666574
27.1408421111018
27.1475087777685
27.154453222213
27.1613976666574
27.1683421111018
27.1752865555463
27.1822309999907
27.1891754444352
27.1961198888796
27.203064333324
27.2100087777685
27.2169532222129
27.2236198888796
27.230564333324
27.2372326666573
27.2441771111018
27.2508437777685
27.2577882222129
27.2647326666573
27.2716771111018
27.2786215555462
27.2855659999907
27.2923986666573
27.299065333324
27.3060097777684
27.3129326666573
27.3198771111018
27.3268215555462
27.3337659999906
27.3407104444351
27.3476548888795
27.354599333324
27.3615437777684
27.3682104444351
27.3751548888795
27.382099333324
27.3889146666573
27.3958591111017
27.4028035555462
27.4097479999906
27.416692444435
27.4236368888795
27.4305813333239
27.4373796666572
27.4443241111017
27.4512685555461
27.4582129999906
27.465157444435
27.4721018888794
27.4790463333239
27.4859907777683
27.492657444435
27.4995956666572
27.5065366666572
27.5134811111017
27.5204255555461
27.5273699999905
27.534314444435
27.5412588888794
27.5479786666572
27.5546453333239
27.5615897777683
27.5685342222127
27.5754786666572
27.5824231111016
27.5890897777683
27.5960342222127
27.6029786666572
27.6099231111016
27.616867555546
27.6238119999905
27.6307564444349
27.6374826666571
27.6444271111016
27.651371555546
27.6583159999905
27.6652604444349
27.6722048888793
27.6791493333238
27.6860937777682
27.6930382222127
27.6999999999904
27.7066666666571
27.7133333333238
27.7202777777682
27.7272222222127
27.7338888888793
27.7408333333238
27.7477777777682
27.7546196666571
27.7615641111015
27.7682307777682
27.7751752222126
27.7821196666571
27.7890426666571
27.7959871111015
27.802931555546
27.8098759999904
27.8166216666571
27.8235661111015
27.830510555546
27.8374549999904
27.8441996666571
27.8511441111015
27.8580885555459
27.8647646666571
27.8717091111015
27.8786116666571
27.8855561111015
27.8925005555459
27.8994449999904
27.9063894444348
27.9133338888792
27.920128666657
27.9270731111015
27.9340175555459
27.9409619999903
27.9479064444348
27.954680666657
27.9616251111014
27.9685695555459
27.9755139999903
27.9824584444348
27.9894028888792
27.996092666657
28.0030371111014
28.0099815555459
28.0169259999903
28.023639666657
28.0305841111014
28.0375285555458
28.0444729999903
28.0514174444347
28.0582276666569
28.0651721111014
28.0721165555458
28.0787832222125
28.0857276666569
28.0926721111014
28.0999999999903
28.1069056666569
28.1138501111014
28.1207945555458
28.1274706666569
28.1344151111014
28.1413595555458
28.1483039999902
28.1549706666569
28.1619151111014
28.1687456666569
28.1754123333236
28.182356777768
28.1893012222125
28.1962456666569
28.2031901111013
28.2101345555458
28.2170789999902
28.2240234444347
28.2309678888791
28.2379123333235
28.244856777768
28.2516966666569
28.2583633333235
28.265307777768
28.2722522222124
28.2791966666569
28.2858633333235
28.292807777768
28.2999999999902
28.3067896666569
28.3134563333235
28.320400777768
28.3273452222124
28.3342896666568
28.3411926666568
28.3481371111013
28.3550815555457
28.3620259999902
28.3689704444346
28.3756806666568
28.3833333333235
28.3899999999902
28.3966666666568
28.4035136666568
28.4104076666568
28.4170743333235
28.4240187777679
28.4309632222124
28.4378776666568
28.4445443333235
28.4514887777679
28.4584332222124
28.4653776666568
28.4723221111013
28.4789887777679
28.4859332222124
28.4928776666568
28.4999999999901
28.5069444444346
28.513888888879
28.5208333333235
28.5276766666568
28.5343433333235
28.5412877777679
28.5482322222123
28.5551766666568
28.5619126666568
28.5688571111012
28.5755237777679
28.5833333333234
28.5902777777679
28.5969986666568
28.6036653333234
28.6105526666568
28.6172193333234
28.6241637777679
28.6311082222123
28.6380526666568
28.6449971111012
28.6519415555456
28.6588116666567
28.6654783333234
28.6724227777679
28.6793672222123
28.6863116666567
28.6932561111012
28.7002005555456
28.7071449999901
28.7140894444345
28.7210338888789
28.7279783333234
28.7349227777678
28.7417926666567
28.7484593333234
28.7554037777678
28.7623482222123
28.7691356666567
28.7760801111011
28.7827467777678
28.7896912222122
28.7963578888789
28.8033023333234
28.8102467777678
28.8171912222122
28.8241356666567
28.8310801111011
28.8377467777678
28.8446912222122
28.8516356666567
28.8585801111011
28.8655245555455
28.87246899999
28.8794134444344
28.8861056666566
28.8930501111011
28.89999999999
28.9069444444344
28.9138888888788
28.9208333333233
28.9277777777677
28.9347222222122
28.9416666666566
28.9483333333233
28.9552777777677
28.9622222222122
28.9691666666566
28.976111111101
28.9833333333233
28.9902777777677
28.9969444444344
29.003611111101
29.0105555555455
29.0174999999899
29.0243526666566
29.031297111101
29.0379637777677
29.0449082222121
29.0518526666566
29.058797111101
29.0654637777677
29.0724082222121
29.0793526666566
29.086297111101
29.0932415555454
29.1001859999899
29.1071304444343
29.1140748888788
29.1210193333232
29.1279336666565
29.1346003333232
29.1415447777676
29.1484892222121
29.1554336666565
29.162378111101
29.1692986666565
29.176243111101
29.1829097777676
29.1898542222121
29.1967986666565
29.2037431111009
29.2106875555454
29.2176319999898
29.2245764444343
29.2315208888787
29.2384653333231
29.2451319999898
29.2520764444343
29.2590208888787
29.2659653333231
29.2726336666565
29.2793003333231
29.2862447777676
29.293189222212
29.3001336666565
29.3070626666565
29.3140071111009
29.3209515555453
29.3278959999898
29.3348404444342
29.3417848888786
29.3486916666564
29.3553583333231
29.3623027777675
29.369247222212
29.3761916666564
29.3833333333231
29.3902777777675
29.397222222212
29.4041666666564
29.4111111111008
29.4177777777675
29.4244444444342
29.4313888888786
29.4383333333231
29.4452777777675
29.4522222222119
29.4590166666564
29.4656833333231
29.4726277777675
29.4795722222119
29.4865166666564
29.4934611111008
29.5004055555453
29.5072886666564
29.513955333323
29.5208997777675
29.5278442222119
29.5347886666564
29.5417331111008
29.5486775555452
29.5556219999897
29.5625664444341
29.5695108888786
29.576455333323
29.5833376666563
29.5902821111008
29.5972265555452
29.6041709999896
29.6111154444341
29.6180598888785
29.625004333323
29.6316709999896
29.6386154444341
29.6455598888785
29.6525043333229
29.6591709999896
29.6661154444341
29.6730598888785
29.6800043333229
29.6869487777674
29.693615444434
29.7005598888785
29.7075043333229
29.7141709999896
29.721115444434
29.7280598888785
29.7350043333229
29.7419487777674
29.7486656666562
29.7556101111007
29.7625545555451
29.7694989999896
29.776443444434
29.7833878888784
29.7903323333229
29.7972767777673
29.8042212222118
29.8111656666562
29.8179216666562
29.8245883333229
29.8315327777673
29.8384772222117
29.8454216666562
29.8523436666562
29.8592881111006
29.8659547777673
29.8728992222117
29.8798436666562
29.8867881111006
29.8937325555451
29.9006769999895
29.9076214444339
29.9145658888784
29.9215103333228
29.9284547777672
29.9353992222117
29.9423436666561
29.9490103333228
29.9556769999895
29.9626214444339
29.9695658888783
29.9765103333228
29.9834547777672
29.9903992222117
29.9970916666561
30.0040361111005
30.010980555545
30.0179249999894
30.0245916666561
30.0315361111005
30.038480555545
30.0454249999894
30.0523694444339
30.0593138888783
30.0660826666561
30.0730271111005
30.0799715555449
30.0869159999894
30.0938604444338
30.1008048888783
30.1077493333227
30.114552666656
30.1214971111005
30.1281637777671
30.1351082222116
30.142052666656
30.148982666656
30.1559271111005
30.1628715555449
30.1698159999893
30.176509666656
30.1834541111005
30.1903985555449
30.1970652222116
30.204009666656
30.2109541111004
30.2178985555449
30.2248429999893
30.2317874444338
30.2387318888782
30.245399666656
30.2523441111004
30.2592885555449
30.2659552222115
30.272899666656
30.2798441111004
30.2867885555448
30.2934552222115
30.300399666656
30.3073441111004
30.3142885555448
30.3212329999893
30.3281774444337
30.3351218888782
30.3420663333226
30.349010777767
30.3559552222115
30.3628206666559
30.3697651111003
30.3767095555448
30.3834006666559
30.3903451111003
30.3972895555448
30.4042339999892
30.4111784444337
30.4179466666559
30.4248911111003
30.4318355555448
30.4387799999892
30.4457244444336
30.4524606666559
30.4594051111003
30.4666666666559
30.4735086666558
30.4804531111003
30.4873975555447
30.4943419999892
30.5012864444336
30.508230888878
30.5148975555447
30.5218419999892
30.5285086666558
30.5354531111003
30.5423975555447
30.5490642222114
30.5560086666558
30.5629531111003
30.5698975555447
30.5765642222114
30.5835086666558
30.5904531111002
30.5973975555447
30.6043419999891
30.6112864444336
30.6181206666558
30.6250651111002
30.6320095555447
30.6389539999891
30.6456726666558
30.6526171111002
30.6595615555447
30.6662282222113
30.6731726666558
30.6801171111002
30.6870615555446
30.6940059999891
30.7009504444335
30.707894888878
30.7147506666557
30.7216951111002
30.7283617777669
30.7353062222113
30.7422506666557
30.7489173333224
30.7558617777668
30.7628062222113
30.7697506666557
30.7766951111002
30.7836395555446
30.790583999989
30.7973816666557
30.8043261111001
30.8112705555446
30.818214999989
30.8251594444335
30.8321038888779
30.8390483333223
30.8458276666557
30.8527721111001
30.8597165555446
30.8666666666557
30.8735426666557
30.8804871111001
30.8871537777668
30.8940982222112
30.9010426666556
30.9079871111001
30.9149315555445
30.921875999989
30.9285426666556
30.9354871111001
30.9424086666556
30.9493531111001
30.9562975555445
30.963241999989
30.9701864444334
30.9769226666556
30.9838671111001
30.9908115555445
30.9977559999889
31.0047004444334
31.0116448888778
31.0185893333223
31.0255337777667
31.0324782222111
31.0394226666556
31.0463671111
31.0533115555444
31.0602559999889
31.0672004444333
31.0738671111
31.0806126666556
31.0875571111
31.0945015555444
31.1014459999889
31.1083904444333
31.1153348888778
31.1222793333222
31.1292237777666
31.1359156666555
31.1425823333222
31.1499999999889
31.1569366666555
31.1638811111
31.1707156666555
31.1773823333222
31.1840489999889
31.1909934444333
31.1979378888778
31.2048376666555
31.2117821111
31.2187265555444
31.2254006666555
31.2323451111
31.2392895555444
31.2462339999888
31.2531784444333
31.2601228888777
31.2670673333222
31.2739336666555
31.2808781110999
31.2875447777666
31.2942114444333
31.3011558888777
31.3081003333222
31.3150447777666
31.321989222211
31.3289336666555
31.3358781110999
31.3428225555443
31.3499999999888
31.3566666666555
31.3636111110999
31.3705555555443
31.3774999999888
31.3844444444332
31.3911326666554
31.3980466666554
31.4047676666554
31.4117121110999
31.4186565555443
31.4256009999888
31.4325454444332
31.4393986666554
31.4461226666554
31.4527893333221
31.4597337777665
31.466678222211
31.4736226666554
31.4805671110998
31.4872416666554
31.4941861110998
31.5011305555443
31.5080749999887
31.5150194444332
31.5219638888776
31.528908333322
31.5358006666554
31.5427451110998
31.5496895555442
31.5563746666554
31.5633191110998
31.5702635555442
31.5772079999887
31.5841524444331
31.5908196666553
31.5977641110998
31.6047085555442
31.6116529999886
31.6185974444331
31.6255418888775
31.632486333322
31.6394116666553
31.6463561110997
31.6533005555442
31.6602449999886
31.6671894444331
31.6741338888775
31.6810783333219
31.6880227777664
31.694689444433
31.7016338888775
31.7083005555442
31.7152449999886
31.722189444433
31.7291116666553
31.7360561110997
31.7430005555441
31.7499999999886
31.756944444433
31.7638226666552
31.7707671110997
31.7777115555441
31.7846196666552
31.7915641110997
31.7982307777663
31.8051752222108
31.8121196666552
31.8190641110996
31.8260085555441
31.8327746666552
31.8394413333219
31.8463857777663
31.8533302222107
31.8602746666552
31.8672191110996
31.8741635555441
31.8811079999885
31.8880524444329
31.8948796666552
31.9018241110996
31.908768555544
31.9154352222107
31.9223796666551
31.9293241110996
31.936268555544
31.9432129999885
31.9501574444329
31.9571018888773
31.9638526666551
31.9707971110996
31.977741555544
31.9846859999884
31.9916304444329
31.9985748888773
32.0055193333218
32.0124637777662
32.0191304444329
32.0259556666551
32.0329001110995
32.039844555544
32.0467889999884
32.0537056666551
32.0606501110995
32.067594555544
32.0745389999884
32.0814834444329
32.0884278888773
32.095094555544
32.1020389999884
32.1089834444329
32.1159278888773
32.1228723333217
32.1298167777662
32.1367306666551
32.1436751110995
32.150619555544
32.1572862222106
32.1640276666551
32.1709721110995
32.1776387777662
32.1845832222106
32.1912498888773
32.1981943333217
32.2051387777662
32.2118054444328
32.2187498888773
32.2256943333217
32.2326387777662
32.2395832222106
32.246373666655
32.2533181110995
32.2602625555439
32.2672069999884
32.2741514444328
32.2810958888773
32.2877625555439
32.2947069999884
32.3016514444328
32.3083181110995
32.3152625555439
32.3222069999884
32.3291514444328
32.3360958888773
32.3430403333217
32.3499999999884
32.3569444444328
32.3638888888772
32.3708333333217
32.3777777777661
32.384679666655
32.3916241110995
32.3985685555439
32.4055129999884
32.4124574444328
32.4191241110995
32.4260685555439
32.4333333333217
32.4402777777661
32.447183666655
32.4538503333217
32.460691666655
32.4673583333217
32.4743027777661
32.4812472222106
32.488191666655
32.495010666655
32.5019551110994
32.5088995555439
32.5158439999883
32.5227884444328
32.5297328888772
32.536504666655
32.5434491110994
32.5503935555439
32.5570602222106
32.564004666655
32.5709491110994
32.577698666655
32.5846431110994
32.5915875555439
32.5985319999883
32.6054764444328
32.6124208888772
32.619103666655
32.6260481110994
32.6329925555439
32.6399369999883
32.6468814444328
32.6535481110994
32.6604925555439
32.6674369999883
32.6743814444328
32.681142666655
32.6880871110994
32.6950315555439
32.7019759999883
32.7089204444327
32.7155871110994
32.7225315555439
32.7294759999883
32.736212666655
32.7431571110994
32.7501015555439
32.7570459999883
32.7639904444327
32.7709348888772
32.777773666655
32.7847181110994
32.7913847777661
32.7983292222105
32.805273666655
32.8122181110994
32.8191625555438
32.8261069999883
32.8333333333216
32.8402777777661
32.847165666655
32.854024666655
32.8609691110994
32.8676357777661
32.8745802222105
32.8815246666549
32.8884691110994
32.8951456666549
32.9020901110994
32.9090345555438
32.9159789999883
32.9226666666549
32.9296111110994
32.9365555555438
32.9434999999883
32.9504444444327
32.9573888888772
32.9643176666549
32.9712396666549
32.9779063333216
32.9848507777661
32.9917952222105
32.9987396666549
33.0056841110994
33.0126285555438
33.0192952222105
33.0262396666549
33.0329063333216
33.039850777766
33.0467952222105
33.0537396666549
33.0606841110994
33.0675256666549
33.0744701110994
33.0814145555438
33.0883589999883
33.0953034444327
33.1022478888772
33.1091923333216
33.1158726666549
33.1228171110994
33.1297615555438
33.1365326666549
33.1434771110994
33.1504215555438
33.1570882222105
33.1640326666549
33.1709771110994
33.1779215555438
33.1848659999882
33.1918104444327
33.1987548888771
33.2056993333216
33.212643777766
33.2195882222105
33.2262548888771
33.2333333333216
33.240277777766
33.2472222222104
33.2538888888771
33.2608333333216
33.267777777766
33.2747222222104
33.2816666666549
33.2883906666549
33.2953351110993
33.3022795555438
33.3092239999882
33.3159786666549
33.3229231110993
33.3298675555438
33.3368119999882
33.3435626666549
33.3505071110993
33.3574515555438
33.3643959999882
33.3713404444327
33.3782848888771
33.3852293333215
33.392173777766
33.3991182222104
33.4060626666549
33.4128246666549
33.4197691110993
33.4267135555438
33.4336579999882
33.4406024444326
33.4475468888771
33.4544913333215
33.461435777766
33.4683802222104
33.4753246666549
33.4822691110993
33.4891856666549
33.4958523333215
33.5027206666549
33.5093873333215
33.5166666666549
33.5236111110993
33.5305555555437
33.5373356666549
33.5440023333215
33.5508576666548
33.5578021110993
33.5645746666548
33.5715191110993
33.5784635555437
33.5854079999882
33.5923524444326
33.5990406666548
33.6057073333215
33.612651777766
33.6195962222104
33.6265406666548
33.6334851110993
33.6404295555437
33.6473739999882
33.6541936666548
33.6611381110993
33.6678426666548
33.6747871110993
33.681453777766
33.6883982222104
33.6952006666548
33.7021451110993
33.7090895555437
33.7166666666548
33.7236111110993
33.7305555555437
33.7372222222104
33.7438888888771
33.7508333333215
33.7577777777659
33.7647222222104
33.7716666666548
33.7786111110993
33.7855555555437
33.7924999999882
33.7994444444326
33.806388888877
33.8133333333215
33.8199999999881
33.8266666666548
33.8336111110993
33.8405555555437
33.8474816666548
33.8541483333215
33.8610927777659
33.8680372222104
33.8749816666548
33.8819261110993
33.8888705555437
33.8958149999881
33.9027594444326
33.9094261110993
33.9166666666548
33.9236111110993
33.9305555555437
33.9374096666548
33.9440763333215
33.9510207777659
33.9579652222104
33.9647146666548
33.9716591110992
33.9783257777659
33.9852702222104
33.9922146666548
33.9999999999881
34.0069444444326
34.0136276666548
34.0205721110992
34.0272387777659
34.0339054444326
34.040849888877
34.0477943333215
34.0544609999881
34.0614054444326
34.0682836666548
34.0749503333215
34.0818947777659
34.0888392222103
34.0957526666548
34.1026971110992
34.1096415555437
34.1165456666548
34.1232123333214
34.1301567777659
34.1371012222103
34.1440456666548
34.1509901110992
34.1576696666548
34.1646141110992
34.1715585555437
34.1782252222103
34.1851696666548
34.1921141110992
34.1990585555437
34.2060029999881
34.2129474444325
34.219891888877
34.2267206666548
34.2336651110992
34.2406095555436
34.2475539999881
34.2544984444325
34.2611651110992
34.2681095555436
34.2750539999881
34.2819984444325
34.288942888877
34.2956876666548
34.3026321110992
34.3095765555436
34.3166666666548
34.3236111110992
34.3303876666548
34.3373321110992
34.3442765555436
34.3512209999881
34.3581654444325
34.3648321110992
34.3717765555436
34.3787209999881
34.3856654444325
34.392609888877
34.3995543333214
34.4064987777659
34.4134432222103
34.4203876666547
34.4273321110992
34.4339987777659
34.4409432222103
34.447609888877
34.4545543333214
34.4614987777658
34.4681654444325
34.475109888877
34.4820543333214
34.4889987777658
34.4959432222103
34.5028876666547
34.5098321110992
34.5164987777658
34.5234432222103
34.5303876666547
34.5373321110992
34.5442765555436
34.5512209999881
34.5581654444325
34.5651098888769
34.5720543333214
34.5789987777658
34.5858406666547
34.5927851110992
34.5994517777658
34.6063962222103
34.6133406666547
34.6202851110992
34.6271846666547
34.6341291110992
34.6410735555436
34.648017999988
34.6549624444325
34.6618176666547
34.6687621110992
34.6757065555436
34.682650999988
34.6895954444325
34.6965398888769
34.7034843333214
34.710150999988
34.7170954444325
34.7240398888769
34.7309843333214
34.7378266666547
34.7444933333214
34.7514377777658
34.7583346666547
34.7650013333214
34.7719457777658
34.7788902222103
34.7858346666547
34.7927791110991
34.7994457777658
34.8063902222102
34.8133346666547
34.8202791110991
34.8272235555436
34.834167999988
34.8410006666547
34.8479451110991
34.8548895555436
34.861833999988
34.8685636666547
34.8755081110991
34.8824525555436
34.8892996666547
34.8962441110991
34.9030566666547
34.9100011110991
34.9169356666547
34.9238801110991
34.9305467777658
34.9374912222102
34.9444356666547
34.9512376666547
34.9581821110991
34.9651265555436
34.9720696666547
34.9790141110991
34.9859585555436
34.992902999988
34.999999999988
35.0067616666547
35.0137061110991
35.0206505555436
35.027594999988
35.0345394444325
35.0414838888769
35.0484283333213
35.055094999988
35.0619496666547
35.0688941110991
35.0758385555436
35.0827196666547
35.0896641110991
35.0966085555436
35.103552999988
35.1104974444324
35.1174418888769
35.1241085555436
35.1309956666547
35.1376623333213
35.1446067777658
35.1515512222102
35.1582266666547
35.1651711110991
35.1720916666547
35.1790361110991
35.1859805555436
35.1927396666547
35.199999999988
35.2069444444324
35.2137566666547
35.2207011110991
35.2276455555435
35.234589999988
35.2415344444324
35.2484788888769
35.2552476666546
35.2621921110991
35.2691365555435
35.2758032222102
35.2827476666546
35.2896921110991
35.2963587777658
35.3033032222102
35.3102476666546
35.3171921110991
35.3241365555435
35.331080999988
35.3380254444324
35.3449536666546
35.3518981110991
35.3585647777657
35.3655092222102
35.3724536666546
35.3793686666546
35.3863131110991
35.3929797777657
35.399999999988
35.4066666666546
35.4136111110991
35.4205555555435
35.4274756666546
35.4344201110991
35.4413645555435
35.448308999988
35.4551326666546
35.4620771110991
35.4687437777657
35.4756882222102
35.4833333333213
35.489999999988
35.4966666666546
35.5036111110991
35.5105555555435
35.5173786666546
35.5240453333213
35.5309897777657
35.5379342222102
35.5446008888768
35.5515453333213
35.5584897777657
35.5654342222102
35.5723786666546
35.5793231110991
35.5861196666546
35.5930641110991
35.6000085555435
35.6069529999879
35.6136666666546
35.6206111110991
35.6272777777657
35.6342222222102
35.6411666666546
35.648111111099
35.6550555555435
35.6619999999879
35.6689416666546
35.675886111099
35.6828305555435
35.6897749999879
35.6964936666546
35.703438111099
35.7103825555435
35.7173269999879
35.7239936666546
35.730938111099
35.7378825555435
35.7448269999879
35.7517714444324
35.758438111099
35.7653825555435
35.7723269999879
35.7792714444324
35.7862158888768
35.7931603333213
35.8001047777657
35.8070492222101
35.8139936666546
35.820938111099
35.8278825555435
35.8348269999879
35.8417714444324
35.8487158888768
35.8556603333212
35.8626047777657
35.8694876666546
35.8761543333212
35.8828209999879
35.8897654444323
35.8967098888768
35.9035156666546
35.910460111099
35.9174045555435
35.9243489999879
35.9310586666546
35.938003111099
35.9449475555435
35.9518919999879
35.9588364444323
35.9657808888768
35.9727253333212
35.9796697777657
35.9866142222101
35.9935586666546
36.000503111099
36.0074475555434
36.0141142222101
36.0210586666546
36.0277253333212
36.0346697777657
36.0416142222101
36.0485586666546
36.055503111099
36.0624475555434
36.0691526666545
36.076097111099
36.0830415555434
36.0899859999879
36.0967026666545
36.103647111099
36.1105915555434
36.1172976666545
36.124242111099
36.1311865555434
36.1381309999879
36.1450754444323
36.1520198888768
36.1589643333212
36.1659087777656
36.1727696666545
36.179714111099
36.1864296666545
36.193374111099
36.2003185555434
36.2072629999879
36.2142074444323
36.2211518888767
36.2280816666545
36.235026111099
36.2419705555434
36.2489149999878
36.2558594444323
36.2627946666545
36.269739111099
36.2766835555434
36.2834276666545
36.2900943333212
36.2970387777656
36.3039832222101
36.3109276666545
36.3176676666545
36.3243343333212
36.3312787777656
36.3382232222101
36.3450066666545
36.3519511110989
36.3588955555434
36.3658399999878
36.3727844444323
36.3797288888767
36.3865376666545
36.3934821110989
36.4004265555434
36.4073709999878
36.4143154444323
36.4212598888767
36.4281686666545
36.4349566666545
36.4416233333211
36.4485677777656
36.45551222221
36.4624566666545
36.4691836666545
36.4761281110989
36.4833333333211
36.4902777777656
36.49722222221
36.5041666666545
36.5109676666545
36.5176343333211
36.5245787777656
36.53152322221
36.5382306666545
36.5451751110989
36.5521195555433
36.5590639999878
36.5658286666545
36.5727731110989
36.5797175555433
36.5866619999878
36.5934876666545
36.6004321110989
36.6070987777656
36.61404322221
36.6209876666545
36.6279321110989
36.6348765555433
36.6418209999878
36.6487654444322
36.6557098888767
36.6626543333211
36.6695987777656
36.6763046666544
36.6833333333211
36.6902777777656
36.69722222221
36.7041666666544
36.7111111110989
36.7180555555433
36.7249656666544
36.7316323333211
36.7385767777655
36.7455166666544
36.7524611110989
36.7594055555433
36.7666666666544
36.7733333333211
36.7802777777655
36.7869444444322
36.7938888888767
36.8008333333211
36.8077586666544
36.8144253333211
36.8213697777655
36.82831422221
36.8352586666544
36.8422031110989
36.8491475555433
36.8560636666544
36.8630081110989
36.8699525555433
36.8768969999877
36.8838414444322
36.8905286666544
36.8971953333211
36.9041397777655
36.91108422221
36.9177508888766
36.9246953333211
36.9316397777655
36.93858422221
36.9455286666544
36.9524731110988
36.9594175555433
36.9662016666544
36.9731461110988
36.9800905555433
36.9867646666544
36.9937091110988
37.0006535555433
37.0074516666544
37.0143961110988
37.0213405555433
37.0282849999877
37.0352294444322
37.0421226666544
37.0490671110988
37.0560115555433
37.0627916666544
37.0697361110988
37.0765526666544
37.0834971110988
37.0904415555433
37.0971082222099
37.1040526666544
37.1109971110988
37.1179415555433
37.1248859999877
37.1318304444321
37.1387748888766
37.145719333321
37.1526637777655
37.1594586666544
37.1666666666544
37.1734436666544
37.1803881110988
37.1870547777655
37.1939992222099
37.2009436666544
37.2078881110988
37.2148316666544
37.2217761110988
37.2287205555432
37.2356649999877
37.2426094444321
37.2492761110988
37.2559427777655
37.2628872222099
37.2698316666543
37.2767761110988
37.2837205555432
37.2906649999877
37.2973346666543
37.304001333321
37.3109457777655
37.3178902222099
37.3248346666543
37.3317791110988
37.3387235555432
37.3453902222099
37.3523346666543
37.3592791110988
37.3666666666543
37.3736111110988
37.3805555555432
37.3873946666543
37.394061333321
37.4010057777654
37.4079502222099
37.4148946666543
37.421561333321
37.4285057777654
37.4354502222099
37.4423946666543
37.4492906666543
37.455957333321
37.4629017777654
37.4698462222099
37.4767906666543
37.4837351110988
37.4906795555432
37.4976239999877
37.5042906666543
37.5112351110988
37.5181795555432
37.5251239999876
37.5320684444321
37.5390128888765
37.545957333321
37.5529017777654
37.5597786666543
37.566445333321
37.5733897777654
37.5803342222099
37.5870008888765
37.593945333321
37.6008897777654
37.6075806666543
37.6145251110988
37.6214695555432
37.6284139999876
37.6353584444321
37.6423028888765
37.649247333321
37.6559936666543
37.6629381110987
37.6698825555432
37.6768269999876
37.6835596666543
37.6905041110987
37.6974485555432
37.7043929999876
37.7113374444321
37.7182818888765
37.725226333321
37.7321707777654
37.7391152222098
37.7460596666543
37.7530041110987
37.7596707777654
37.7666666666543
37.7736111110987
37.7805555555432
37.7872486666543
37.7941931110987
37.8011375555432
37.8080819999876
37.8147486666543
37.8216931110987
37.8286375555432
37.8355819999876
37.842526444432
37.8499999999876
37.8569444444321
37.8638888888765
37.8705555555432
37.8772826666543
37.8839493333209
37.8908937777654
37.8978382222098
37.9047826666543
37.9117271110987
37.9186715555432
37.9256159999876
37.932560444432
37.9392271110987
37.9461715555432
37.9528382222098
37.9597826666543
37.9667271110987
37.9736715555431
37.9804096666543
37.9873541110987
37.9940207777654
38.0009652222098
38.0079096666543
38.0148541110987
38.0217985555431
38.0287429999876
38.035687444432
38.0426318888765
38.0493456666543
38.0562901110987
38.0632345555431
38.0701789999876
38.077123444432
38.0840678888765
38.0910123333209
38.0976789999876
38.104623444432
38.1115678888765
38.1185123333209
38.1254567777654
38.1324012222098
38.1393456666542
38.1462536666542
38.1531981110987
38.1598647777654
38.1668092222098
38.1737536666542
38.1806981110987
38.1873647777653
38.1943092222098
